This file contains any messages produced by compilers while
running configure, to aid debugging if configure makes a mistake.

It was created by sparsehash configure 2.0.2, which was
generated by GNU Autoconf 2.69.  Invocation command line was

  $ ./configure --prefix=/home/projects/MAAG/Magpie/Magpie/vgan_corrected/dep/vg

## --------- ##
## Platform. ##
## --------- ##

hostname = node07
uname -m = x86_64
uname -r = 5.4.0-171-generic
uname -s = Linux
uname -v = #189-Ubuntu SMP Fri Jan 5 14:23:02 UTC 2024

/usr/bin/uname -p = x86_64
/bin/uname -X     = unknown

/bin/arch              = x86_64
/usr/bin/arch -k       = unknown
/usr/convex/getsysinfo = unknown
/usr/bin/hostinfo      = unknown
/bin/machine           = unknown
/usr/bin/oslevel       = unknown
/bin/universe          = unknown

PATH: /home/projects/MAAG/Magpie/Magpie/vgan_corrected/dep/vg/bin
PATH: /home/projects/MAAG/Magpie/Magpie/vgan_corrected/dep/vg/scripts
PATH: /home/ctools/opt/anaconda3_202105/condabin
PATH: /home/people/jdru/local/bin
PATH: /home/ctools/schmutzi-1.5.6/src/
PATH: /home/ctools/bin
PATH: /home/ctools/bin/nextflow
PATH: /home/ctools/vg_1.44.0/bin
PATH: /home/ctools/GFAffix-0.1.2.3
PATH: /home/ctools/odgi/bin
PATH: /home/ctools/smoothxg/bin
PATH: /home/ctools/seqwish/bin
PATH: /home/ctools/pggb
PATH: /home/ctools/wfmash/build/bin
PATH: /usr/local/sbin
PATH: /usr/local/bin
PATH: /usr/sbin
PATH: /usr/bin
PATH: /sbin
PATH: /bin
PATH: /usr/games
PATH: /usr/local/games
PATH: /snap/bin
PATH: /home/ctools/bin
PATH: /home/people/jdru/.local/bin
PATH: /home/people/jdru/bin


## ----------- ##
## Core tests. ##
## ----------- ##

configure:2458: checking for a BSD-compatible install
configure:2526: result: /usr/bin/install -c
configure:2537: checking whether build environment is sane
configure:2592: result: yes
configure:2741: checking for a thread-safe mkdir -p
configure:2780: result: /usr/bin/mkdir -p
configure:2787: checking for gawk
configure:2803: found /usr/bin/gawk
configure:2814: result: gawk
configure:2825: checking whether make sets $(MAKE)
configure:2847: result: yes
configure:2876: checking whether make supports nested variables
configure:2893: result: yes
configure:3135: checking for C++ compiler version
configure:3144: /usr/bin/g++ --version >&5
g++ (Ubuntu 9.4.0-1ubuntu1~20.04.2) 9.4.0
Copyright (C) 2019 Free Software Foundation, Inc.
This is free software; see the source for copying conditions.  There is NO
warranty; not even for MERCHANTABILITY or FITNESS FOR A PARTICULAR PURPOSE.

configure:3155: $? = 0
configure:3144: /usr/bin/g++ -v >&5
Using built-in specs.
COLLECT_GCC=/usr/bin/g++
COLLECT_LTO_WRAPPER=/usr/lib/gcc/x86_64-linux-gnu/9/lto-wrapper
OFFLOAD_TARGET_NAMES=nvptx-none:hsa
OFFLOAD_TARGET_DEFAULT=1
Target: x86_64-linux-gnu
Configured with: ../src/configure -v --with-pkgversion='Ubuntu 9.4.0-1ubuntu1~20.04.2' --with-bugurl=file:///usr/share/doc/gcc-9/README.Bugs --enable-languages=c,ada,c++,go,brig,d,fortran,objc,obj-c++,gm2 --prefix=/usr --with-gcc-major-version-only --program-suffix=-9 --program-prefix=x86_64-linux-gnu- --enable-shared --enable-linker-build-id --libexecdir=/usr/lib --without-included-gettext --enable-threads=posix --libdir=/usr/lib --enable-nls --enable-clocale=gnu --enable-libstdcxx-debug --enable-libstdcxx-time=yes --with-default-libstdcxx-abi=new --enable-gnu-unique-object --disable-vtable-verify --enable-plugin --enable-default-pie --with-system-zlib --with-target-system-zlib=auto --enable-objc-gc=auto --enable-multiarch --disable-werror --with-arch-32=i686 --with-abi=m64 --with-multilib-list=m32,m64,mx32 --enable-multilib --with-tune=generic --enable-offload-targets=nvptx-none=/build/gcc-9-9QDOt0/gcc-9-9.4.0/debian/tmp-nvptx/usr,hsa --without-cuda-driver --enable-checking=release --build=x86_64-linux-gnu --host=x86_64-linux-gnu --target=x86_64-linux-gnu
Thread model: posix
gcc version 9.4.0 (Ubuntu 9.4.0-1ubuntu1~20.04.2) 
configure:3155: $? = 0
configure:3144: /usr/bin/g++ -V >&5
g++: error: unrecognized command line option '-V'
g++: fatal error: no input files
compilation terminated.
configure:3155: $? = 1
configure:3144: /usr/bin/g++ -qversion >&5
g++: error: unrecognized command line option '-qversion'; did you mean '--version'?
g++: fatal error: no input files
compilation terminated.
configure:3155: $? = 1
configure:3175: checking whether the C++ compiler works
configure:3197: /usr/bin/g++ -I /home/projects/MAAG/Magpie/Magpie/vgan_corrected/dep/vg/include -I/home/projects/MAAG/Magpie/Magpie/vgan_corrected/dep/vg/include/dynamic -O3 -Werror=return-type -std=c++14 -ggdb -g  -fopenmp -msse4.2   -L/home/projects/MAAG/Magpie/Magpie/vgan_corrected/dep/vg/lib conftest.cpp  >&5
configure:3201: $? = 0
configure:3249: result: yes
configure:3252: checking for C++ compiler default output file name
configure:3254: result: a.out
configure:3260: checking for suffix of executables
configure:3267: /usr/bin/g++ -o conftest -I /home/projects/MAAG/Magpie/Magpie/vgan_corrected/dep/vg/include -I/home/projects/MAAG/Magpie/Magpie/vgan_corrected/dep/vg/include/dynamic -O3 -Werror=return-type -std=c++14 -ggdb -g  -fopenmp -msse4.2   -L/home/projects/MAAG/Magpie/Magpie/vgan_corrected/dep/vg/lib conftest.cpp  >&5
configure:3271: $? = 0
configure:3293: result: 
configure:3315: checking whether we are cross compiling
configure:3323: /usr/bin/g++ -o conftest -I /home/projects/MAAG/Magpie/Magpie/vgan_corrected/dep/vg/include -I/home/projects/MAAG/Magpie/Magpie/vgan_corrected/dep/vg/include/dynamic -O3 -Werror=return-type -std=c++14 -ggdb -g  -fopenmp -msse4.2   -L/home/projects/MAAG/Magpie/Magpie/vgan_corrected/dep/vg/lib conftest.cpp  >&5
configure:3327: $? = 0
configure:3334: ./conftest
configure:3338: $? = 0
configure:3326: result: no
configure:3331: checking for suffix of object files
configure:3353: /usr/bin/g++ -c -I /home/projects/MAAG/Magpie/Magpie/vgan_corrected/dep/vg/include -I/home/projects/MAAG/Magpie/Magpie/vgan_corrected/dep/vg/include/dynamic -O3 -Werror=return-type -std=c++14 -ggdb -g  -fopenmp -msse4.2  conftest.cpp >&5
configure:3357: $? = 0
configure:3378: result: o
configure:3382: checking whether we are using the GNU C++ compiler
configure:3401: /usr/bin/g++ -c -I /home/projects/MAAG/Magpie/Magpie/vgan_corrected/dep/vg/include -I/home/projects/MAAG/Magpie/Magpie/vgan_corrected/dep/vg/include/dynamic -O3 -Werror=return-type -std=c++14 -ggdb -g  -fopenmp -msse4.2  conftest.cpp >&5
configure:3401: $? = 0
configure:3410: result: yes
configure:3419: checking whether /usr/bin/g++ accepts -g
configure:3439: /usr/bin/g++ -c -g  conftest.cpp >&5
configure:3439: $? = 0
configure:3480: result: yes
configure:3506: checking whether make supports the include directive
configure:3521: make -f confmf.GNU && cat confinc.out
make[1]: Entering directory '/home/projects/MAAG/Magpie/Magpie/vgan_corrected/dep/vg/deps/sparsehash'
make[1]: Leaving directory '/home/projects/MAAG/Magpie/Magpie/vgan_corrected/dep/vg/deps/sparsehash'
this is the am__doit target
configure:3524: $? = 0
configure:3543: result: yes (GNU style)
configure:3568: checking dependency style of /usr/bin/g++
configure:3679: result: gcc3
configure:3742: checking for gcc
configure:3769: result: /usr/bin/gcc
configure:3998: checking for C compiler version
configure:4007: /usr/bin/gcc --version >&5
gcc (Ubuntu 9.4.0-1ubuntu1~20.04.2) 9.4.0
Copyright (C) 2019 Free Software Foundation, Inc.
This is free software; see the source for copying conditions.  There is NO
warranty; not even for MERCHANTABILITY or FITNESS FOR A PARTICULAR PURPOSE.

configure:4018: $? = 0
configure:4007: /usr/bin/gcc -v >&5
Using built-in specs.
COLLECT_GCC=/usr/bin/gcc
COLLECT_LTO_WRAPPER=/usr/lib/gcc/x86_64-linux-gnu/9/lto-wrapper
OFFLOAD_TARGET_NAMES=nvptx-none:hsa
OFFLOAD_TARGET_DEFAULT=1
Target: x86_64-linux-gnu
Configured with: ../src/configure -v --with-pkgversion='Ubuntu 9.4.0-1ubuntu1~20.04.2' --with-bugurl=file:///usr/share/doc/gcc-9/README.Bugs --enable-languages=c,ada,c++,go,brig,d,fortran,objc,obj-c++,gm2 --prefix=/usr --with-gcc-major-version-only --program-suffix=-9 --program-prefix=x86_64-linux-gnu- --enable-shared --enable-linker-build-id --libexecdir=/usr/lib --without-included-gettext --enable-threads=posix --libdir=/usr/lib --enable-nls --enable-clocale=gnu --enable-libstdcxx-debug --enable-libstdcxx-time=yes --with-default-libstdcxx-abi=new --enable-gnu-unique-object --disable-vtable-verify --enable-plugin --enable-default-pie --with-system-zlib --with-target-system-zlib=auto --enable-objc-gc=auto --enable-multiarch --disable-werror --with-arch-32=i686 --with-abi=m64 --with-multilib-list=m32,m64,mx32 --enable-multilib --with-tune=generic --enable-offload-targets=nvptx-none=/build/gcc-9-9QDOt0/gcc-9-9.4.0/debian/tmp-nvptx/usr,hsa --without-cuda-driver --enable-checking=release --build=x86_64-linux-gnu --host=x86_64-linux-gnu --target=x86_64-linux-gnu
Thread model: posix
gcc version 9.4.0 (Ubuntu 9.4.0-1ubuntu1~20.04.2) 
configure:4018: $? = 0
configure:4007: /usr/bin/gcc -V >&5
gcc: error: unrecognized command line option '-V'
gcc: fatal error: no input files
compilation terminated.
configure:4018: $? = 1
configure:4007: /usr/bin/gcc -qversion >&5
gcc: error: unrecognized command line option '-qversion'; did you mean '--version'?
gcc: fatal error: no input files
compilation terminated.
configure:4018: $? = 1
configure:4022: checking whether we are using the GNU C compiler
configure:4041: /usr/bin/gcc -c -I /home/projects/MAAG/Magpie/Magpie/vgan_corrected/dep/vg/include   conftest.c >&5
configure:4041: $? = 0
configure:4050: result: yes
configure:4059: checking whether /usr/bin/gcc accepts -g
configure:4079: /usr/bin/gcc -c -g  conftest.c >&5
configure:4079: $? = 0
configure:4120: result: yes
configure:4137: checking for /usr/bin/gcc option to accept ISO C89
configure:4200: /usr/bin/gcc  -c -I /home/projects/MAAG/Magpie/Magpie/vgan_corrected/dep/vg/include   conftest.c >&5
configure:4200: $? = 0
configure:4213: result: none needed
configure:4238: checking whether /usr/bin/gcc understands -c and -o together
configure:4260: /usr/bin/gcc -c conftest.c -o conftest2.o
configure:4263: $? = 0
configure:4260: /usr/bin/gcc -c conftest.c -o conftest2.o
configure:4263: $? = 0
configure:4275: result: yes
configure:4294: checking dependency style of /usr/bin/gcc
configure:4405: result: gcc3
configure:4425: checking how to run the C preprocessor
configure:4456: /usr/bin/gcc -E  conftest.c
configure:4456: $? = 0
configure:4470: /usr/bin/gcc -E  conftest.c
conftest.c:11:10: fatal error: ac_nonexistent.h: No such file or directory
   11 | #include <ac_nonexistent.h>
      |          ^~~~~~~~~~~~~~~~~~
compilation terminated.
configure:4470: $? = 1
configure: failed program was:
| /* confdefs.h */
| #define PACKAGE_NAME "sparsehash"
| #define PACKAGE_TARNAME "sparsehash"
| #define PACKAGE_VERSION "2.0.2"
| #define PACKAGE_STRING "sparsehash 2.0.2"
| #define PACKAGE_BUGREPORT "google-sparsehash@googlegroups.com"
| #define PACKAGE_URL ""
| #define PACKAGE "sparsehash"
| #define VERSION "2.0.2"
| /* end confdefs.h.  */
| #include <ac_nonexistent.h>
configure:4495: result: /usr/bin/gcc -E
configure:4515: /usr/bin/gcc -E  conftest.c
configure:4515: $? = 0
configure:4529: /usr/bin/gcc -E  conftest.c
conftest.c:11:10: fatal error: ac_nonexistent.h: No such file or directory
   11 | #include <ac_nonexistent.h>
      |          ^~~~~~~~~~~~~~~~~~
compilation terminated.
configure:4529: $? = 1
configure: failed program was:
| /* confdefs.h */
| #define PACKAGE_NAME "sparsehash"
| #define PACKAGE_TARNAME "sparsehash"
| #define PACKAGE_VERSION "2.0.2"
| #define PACKAGE_STRING "sparsehash 2.0.2"
| #define PACKAGE_BUGREPORT "google-sparsehash@googlegroups.com"
| #define PACKAGE_URL ""
| #define PACKAGE "sparsehash"
| #define VERSION "2.0.2"
| /* end confdefs.h.  */
| #include <ac_nonexistent.h>
configure:4569: checking for grep that handles long lines and -e
configure:4627: result: /usr/bin/grep
configure:4632: checking for egrep
configure:4694: result: /usr/bin/grep -E
configure:4699: checking for ANSI C header files
configure:4719: /usr/bin/gcc -c -I /home/projects/MAAG/Magpie/Magpie/vgan_corrected/dep/vg/include   conftest.c >&5
configure:4719: $? = 0
configure:4792: /usr/bin/gcc -o conftest -I /home/projects/MAAG/Magpie/Magpie/vgan_corrected/dep/vg/include    -L/home/projects/MAAG/Magpie/Magpie/vgan_corrected/dep/vg/lib conftest.c  >&5
configure:4792: $? = 0
configure:4792: ./conftest
configure:4792: $? = 0
configure:4803: result: yes
configure:4814: checking for memcpy
configure:4814: /usr/bin/gcc -o conftest -I /home/projects/MAAG/Magpie/Magpie/vgan_corrected/dep/vg/include    -L/home/projects/MAAG/Magpie/Magpie/vgan_corrected/dep/vg/lib conftest.c  >&5
conftest.c:35:6: warning: conflicting types for built-in function 'memcpy'; expected 'void *(void *, const void *, long unsigned int)' [-Wbuiltin-declaration-mismatch]
   35 | char memcpy ();
      |      ^~~~~~
conftest.c:23:1: note: 'memcpy' is declared in header '<string.h>'
   22 | # include <limits.h>
   23 | #else
configure:4814: $? = 0
configure:4814: result: yes
configure:4814: checking for memmove
configure:4814: /usr/bin/gcc -o conftest -I /home/projects/MAAG/Magpie/Magpie/vgan_corrected/dep/vg/include    -L/home/projects/MAAG/Magpie/Magpie/vgan_corrected/dep/vg/lib conftest.c  >&5
conftest.c:36:6: warning: conflicting types for built-in function 'memmove'; expected 'void *(void *, const void *, long unsigned int)' [-Wbuiltin-declaration-mismatch]
   36 | char memmove ();
      |      ^~~~~~~
conftest.c:24:1: note: 'memmove' is declared in header '<string.h>'
   23 | # include <limits.h>
   24 | #else
configure:4814: $? = 0
configure:4814: result: yes
configure:4828: checking for sys/types.h
configure:4828: /usr/bin/gcc -c -I /home/projects/MAAG/Magpie/Magpie/vgan_corrected/dep/vg/include   conftest.c >&5
configure:4828: $? = 0
configure:4828: result: yes
configure:4828: checking for sys/stat.h
configure:4828: /usr/bin/gcc -c -I /home/projects/MAAG/Magpie/Magpie/vgan_corrected/dep/vg/include   conftest.c >&5
configure:4828: $? = 0
configure:4828: result: yes
configure:4828: checking for stdlib.h
configure:4828: /usr/bin/gcc -c -I /home/projects/MAAG/Magpie/Magpie/vgan_corrected/dep/vg/include   conftest.c >&5
configure:4828: $? = 0
configure:4828: result: yes
configure:4828: checking for string.h
configure:4828: /usr/bin/gcc -c -I /home/projects/MAAG/Magpie/Magpie/vgan_corrected/dep/vg/include   conftest.c >&5
configure:4828: $? = 0
configure:4828: result: yes
configure:4828: checking for memory.h
configure:4828: /usr/bin/gcc -c -I /home/projects/MAAG/Magpie/Magpie/vgan_corrected/dep/vg/include   conftest.c >&5
configure:4828: $? = 0
configure:4828: result: yes
configure:4828: checking for strings.h
configure:4828: /usr/bin/gcc -c -I /home/projects/MAAG/Magpie/Magpie/vgan_corrected/dep/vg/include   conftest.c >&5
configure:4828: $? = 0
configure:4828: result: yes
configure:4828: checking for inttypes.h
configure:4828: /usr/bin/gcc -c -I /home/projects/MAAG/Magpie/Magpie/vgan_corrected/dep/vg/include   conftest.c >&5
configure:4828: $? = 0
configure:4828: result: yes
configure:4828: checking for stdint.h
configure:4828: /usr/bin/gcc -c -I /home/projects/MAAG/Magpie/Magpie/vgan_corrected/dep/vg/include   conftest.c >&5
configure:4828: $? = 0
configure:4828: result: yes
configure:4828: checking for unistd.h
configure:4828: /usr/bin/gcc -c -I /home/projects/MAAG/Magpie/Magpie/vgan_corrected/dep/vg/include   conftest.c >&5
configure:4828: $? = 0
configure:4828: result: yes
configure:4840: checking for uint16_t
configure:4840: /usr/bin/gcc -c -I /home/projects/MAAG/Magpie/Magpie/vgan_corrected/dep/vg/include   conftest.c >&5
configure:4840: $? = 0
configure:4840: /usr/bin/gcc -c -I /home/projects/MAAG/Magpie/Magpie/vgan_corrected/dep/vg/include   conftest.c >&5
conftest.c: In function 'main':
conftest.c:59:23: error: expected expression before ')' token
   59 | if (sizeof ((uint16_t)))
      |                       ^
configure:4840: $? = 1
configure: failed program was:
| /* confdefs.h */
| #define PACKAGE_NAME "sparsehash"
| #define PACKAGE_TARNAME "sparsehash"
| #define PACKAGE_VERSION "2.0.2"
| #define PACKAGE_STRING "sparsehash 2.0.2"
| #define PACKAGE_BUGREPORT "google-sparsehash@googlegroups.com"
| #define PACKAGE_URL ""
| #define PACKAGE "sparsehash"
| #define VERSION "2.0.2"
| #define STDC_HEADERS 1
| #define HAVE_MEMCPY 1
| #define HAVE_MEMMOVE 1
| #define HAVE_SYS_TYPES_H 1
| #define HAVE_SYS_STAT_H 1
| #define HAVE_STDLIB_H 1
| #define HAVE_STRING_H 1
| #define HAVE_MEMORY_H 1
| #define HAVE_STRINGS_H 1
| #define HAVE_INTTYPES_H 1
| #define HAVE_STDINT_H 1
| #define HAVE_UNISTD_H 1
| /* end confdefs.h.  */
| #include <stdio.h>
| #ifdef HAVE_SYS_TYPES_H
| # include <sys/types.h>
| #endif
| #ifdef HAVE_SYS_STAT_H
| # include <sys/stat.h>
| #endif
| #ifdef STDC_HEADERS
| # include <stdlib.h>
| # include <stddef.h>
| #else
| # ifdef HAVE_STDLIB_H
| #  include <stdlib.h>
| # endif
| #endif
| #ifdef HAVE_STRING_H
| # if !defined STDC_HEADERS && defined HAVE_MEMORY_H
| #  include <memory.h>
| # endif
| # include <string.h>
| #endif
| #ifdef HAVE_STRINGS_H
| # include <strings.h>
| #endif
| #ifdef HAVE_INTTYPES_H
| # include <inttypes.h>
| #endif
| #ifdef HAVE_STDINT_H
| # include <stdint.h>
| #endif
| #ifdef HAVE_UNISTD_H
| # include <unistd.h>
| #endif
| int
| main ()
| {
| if (sizeof ((uint16_t)))
| 	    return 0;
|   ;
|   return 0;
| }
configure:4840: result: yes
configure:4850: checking for u_int16_t
configure:4850: /usr/bin/gcc -c -I /home/projects/MAAG/Magpie/Magpie/vgan_corrected/dep/vg/include   conftest.c >&5
configure:4850: $? = 0
configure:4850: /usr/bin/gcc -c -I /home/projects/MAAG/Magpie/Magpie/vgan_corrected/dep/vg/include   conftest.c >&5
conftest.c: In function 'main':
conftest.c:60:24: error: expected expression before ')' token
   60 | if (sizeof ((u_int16_t)))
      |                        ^
configure:4850: $? = 1
configure: failed program was:
| /* confdefs.h */
| #define PACKAGE_NAME "sparsehash"
| #define PACKAGE_TARNAME "sparsehash"
| #define PACKAGE_VERSION "2.0.2"
| #define PACKAGE_STRING "sparsehash 2.0.2"
| #define PACKAGE_BUGREPORT "google-sparsehash@googlegroups.com"
| #define PACKAGE_URL ""
| #define PACKAGE "sparsehash"
| #define VERSION "2.0.2"
| #define STDC_HEADERS 1
| #define HAVE_MEMCPY 1
| #define HAVE_MEMMOVE 1
| #define HAVE_SYS_TYPES_H 1
| #define HAVE_SYS_STAT_H 1
| #define HAVE_STDLIB_H 1
| #define HAVE_STRING_H 1
| #define HAVE_MEMORY_H 1
| #define HAVE_STRINGS_H 1
| #define HAVE_INTTYPES_H 1
| #define HAVE_STDINT_H 1
| #define HAVE_UNISTD_H 1
| #define HAVE_UINT16_T 1
| /* end confdefs.h.  */
| #include <stdio.h>
| #ifdef HAVE_SYS_TYPES_H
| # include <sys/types.h>
| #endif
| #ifdef HAVE_SYS_STAT_H
| # include <sys/stat.h>
| #endif
| #ifdef STDC_HEADERS
| # include <stdlib.h>
| # include <stddef.h>
| #else
| # ifdef HAVE_STDLIB_H
| #  include <stdlib.h>
| # endif
| #endif
| #ifdef HAVE_STRING_H
| # if !defined STDC_HEADERS && defined HAVE_MEMORY_H
| #  include <memory.h>
| # endif
| # include <string.h>
| #endif
| #ifdef HAVE_STRINGS_H
| # include <strings.h>
| #endif
| #ifdef HAVE_INTTYPES_H
| # include <inttypes.h>
| #endif
| #ifdef HAVE_STDINT_H
| # include <stdint.h>
| #endif
| #ifdef HAVE_UNISTD_H
| # include <unistd.h>
| #endif
| int
| main ()
| {
| if (sizeof ((u_int16_t)))
| 	    return 0;
|   ;
|   return 0;
| }
configure:4850: result: yes
configure:4860: checking for __uint16
configure:4860: /usr/bin/gcc -c -I /home/projects/MAAG/Magpie/Magpie/vgan_corrected/dep/vg/include   conftest.c >&5
conftest.c: In function 'main':
conftest.c:61:13: error: '__uint16' undeclared (first use in this function); did you mean '__uint16_t'?
   61 | if (sizeof (__uint16))
      |             ^~~~~~~~
      |             __uint16_t
conftest.c:61:13: note: each undeclared identifier is reported only once for each function it appears in
configure:4860: $? = 1
configure: failed program was:
| /* confdefs.h */
| #define PACKAGE_NAME "sparsehash"
| #define PACKAGE_TARNAME "sparsehash"
| #define PACKAGE_VERSION "2.0.2"
| #define PACKAGE_STRING "sparsehash 2.0.2"
| #define PACKAGE_BUGREPORT "google-sparsehash@googlegroups.com"
| #define PACKAGE_URL ""
| #define PACKAGE "sparsehash"
| #define VERSION "2.0.2"
| #define STDC_HEADERS 1
| #define HAVE_MEMCPY 1
| #define HAVE_MEMMOVE 1
| #define HAVE_SYS_TYPES_H 1
| #define HAVE_SYS_STAT_H 1
| #define HAVE_STDLIB_H 1
| #define HAVE_STRING_H 1
| #define HAVE_MEMORY_H 1
| #define HAVE_STRINGS_H 1
| #define HAVE_INTTYPES_H 1
| #define HAVE_STDINT_H 1
| #define HAVE_UNISTD_H 1
| #define HAVE_UINT16_T 1
| #define HAVE_U_INT16_T 1
| /* end confdefs.h.  */
| #include <stdio.h>
| #ifdef HAVE_SYS_TYPES_H
| # include <sys/types.h>
| #endif
| #ifdef HAVE_SYS_STAT_H
| # include <sys/stat.h>
| #endif
| #ifdef STDC_HEADERS
| # include <stdlib.h>
| # include <stddef.h>
| #else
| # ifdef HAVE_STDLIB_H
| #  include <stdlib.h>
| # endif
| #endif
| #ifdef HAVE_STRING_H
| # if !defined STDC_HEADERS && defined HAVE_MEMORY_H
| #  include <memory.h>
| # endif
| # include <string.h>
| #endif
| #ifdef HAVE_STRINGS_H
| # include <strings.h>
| #endif
| #ifdef HAVE_INTTYPES_H
| # include <inttypes.h>
| #endif
| #ifdef HAVE_STDINT_H
| # include <stdint.h>
| #endif
| #ifdef HAVE_UNISTD_H
| # include <unistd.h>
| #endif
| int
| main ()
| {
| if (sizeof (__uint16))
| 	 return 0;
|   ;
|   return 0;
| }
configure:4860: result: no
configure:4870: checking for long long
configure:4870: /usr/bin/gcc -c -I /home/projects/MAAG/Magpie/Magpie/vgan_corrected/dep/vg/include   conftest.c >&5
configure:4870: $? = 0
configure:4870: /usr/bin/gcc -c -I /home/projects/MAAG/Magpie/Magpie/vgan_corrected/dep/vg/include   conftest.c >&5
conftest.c: In function 'main':
conftest.c:61:24: error: expected expression before ')' token
   61 | if (sizeof ((long long)))
      |                        ^
configure:4870: $? = 1
configure: failed program was:
| /* confdefs.h */
| #define PACKAGE_NAME "sparsehash"
| #define PACKAGE_TARNAME "sparsehash"
| #define PACKAGE_VERSION "2.0.2"
| #define PACKAGE_STRING "sparsehash 2.0.2"
| #define PACKAGE_BUGREPORT "google-sparsehash@googlegroups.com"
| #define PACKAGE_URL ""
| #define PACKAGE "sparsehash"
| #define VERSION "2.0.2"
| #define STDC_HEADERS 1
| #define HAVE_MEMCPY 1
| #define HAVE_MEMMOVE 1
| #define HAVE_SYS_TYPES_H 1
| #define HAVE_SYS_STAT_H 1
| #define HAVE_STDLIB_H 1
| #define HAVE_STRING_H 1
| #define HAVE_MEMORY_H 1
| #define HAVE_STRINGS_H 1
| #define HAVE_INTTYPES_H 1
| #define HAVE_STDINT_H 1
| #define HAVE_UNISTD_H 1
| #define HAVE_UINT16_T 1
| #define HAVE_U_INT16_T 1
| /* end confdefs.h.  */
| #include <stdio.h>
| #ifdef HAVE_SYS_TYPES_H
| # include <sys/types.h>
| #endif
| #ifdef HAVE_SYS_STAT_H
| # include <sys/stat.h>
| #endif
| #ifdef STDC_HEADERS
| # include <stdlib.h>
| # include <stddef.h>
| #else
| # ifdef HAVE_STDLIB_H
| #  include <stdlib.h>
| # endif
| #endif
| #ifdef HAVE_STRING_H
| # if !defined STDC_HEADERS && defined HAVE_MEMORY_H
| #  include <memory.h>
| # endif
| # include <string.h>
| #endif
| #ifdef HAVE_STRINGS_H
| # include <strings.h>
| #endif
| #ifdef HAVE_INTTYPES_H
| # include <inttypes.h>
| #endif
| #ifdef HAVE_STDINT_H
| # include <stdint.h>
| #endif
| #ifdef HAVE_UNISTD_H
| # include <unistd.h>
| #endif
| int
| main ()
| {
| if (sizeof ((long long)))
| 	    return 0;
|   ;
|   return 0;
| }
configure:4870: result: yes
configure:4885: checking sys/resource.h usability
configure:4885: /usr/bin/gcc -c -I /home/projects/MAAG/Magpie/Magpie/vgan_corrected/dep/vg/include   conftest.c >&5
configure:4885: $? = 0
configure:4885: result: yes
configure:4885: checking sys/resource.h presence
configure:4885: /usr/bin/gcc -E  conftest.c
configure:4885: $? = 0
configure:4885: result: yes
configure:4885: checking for sys/resource.h
configure:4885: result: yes
configure:4885: checking for unistd.h
configure:4885: result: yes
configure:4885: checking sys/time.h usability
configure:4885: /usr/bin/gcc -c -I /home/projects/MAAG/Magpie/Magpie/vgan_corrected/dep/vg/include   conftest.c >&5
configure:4885: $? = 0
configure:4885: result: yes
configure:4885: checking sys/time.h presence
configure:4885: /usr/bin/gcc -E  conftest.c
configure:4885: $? = 0
configure:4885: result: yes
configure:4885: checking for sys/time.h
configure:4885: result: yes
configure:4885: checking sys/utsname.h usability
configure:4885: /usr/bin/gcc -c -I /home/projects/MAAG/Magpie/Magpie/vgan_corrected/dep/vg/include   conftest.c >&5
configure:4885: $? = 0
configure:4885: result: yes
configure:4885: checking sys/utsname.h presence
configure:4885: /usr/bin/gcc -E  conftest.c
configure:4885: $? = 0
configure:4885: result: yes
configure:4885: checking for sys/utsname.h
configure:4885: result: yes
configure:4911: checking how to run the C++ preprocessor
configure:4938: /usr/bin/g++ -E  conftest.cpp
configure:4938: $? = 0
configure:4952: /usr/bin/g++ -E  conftest.cpp
conftest.cpp:30:10: fatal error: ac_nonexistent.h: No such file or directory
   30 | #include <ac_nonexistent.h>
      |          ^~~~~~~~~~~~~~~~~~
compilation terminated.
configure:4952: $? = 1
configure: failed program was:
| /* confdefs.h */
| #define PACKAGE_NAME "sparsehash"
| #define PACKAGE_TARNAME "sparsehash"
| #define PACKAGE_VERSION "2.0.2"
| #define PACKAGE_STRING "sparsehash 2.0.2"
| #define PACKAGE_BUGREPORT "google-sparsehash@googlegroups.com"
| #define PACKAGE_URL ""
| #define PACKAGE "sparsehash"
| #define VERSION "2.0.2"
| #define STDC_HEADERS 1
| #define HAVE_MEMCPY 1
| #define HAVE_MEMMOVE 1
| #define HAVE_SYS_TYPES_H 1
| #define HAVE_SYS_STAT_H 1
| #define HAVE_STDLIB_H 1
| #define HAVE_STRING_H 1
| #define HAVE_MEMORY_H 1
| #define HAVE_STRINGS_H 1
| #define HAVE_INTTYPES_H 1
| #define HAVE_STDINT_H 1
| #define HAVE_UNISTD_H 1
| #define HAVE_UINT16_T 1
| #define HAVE_U_INT16_T 1
| #define HAVE_LONG_LONG 1
| #define HAVE_SYS_RESOURCE_H 1
| #define HAVE_UNISTD_H 1
| #define HAVE_SYS_TIME_H 1
| #define HAVE_SYS_UTSNAME_H 1
| /* end confdefs.h.  */
| #include <ac_nonexistent.h>
configure:4977: result: /usr/bin/g++ -E
configure:4997: /usr/bin/g++ -E  conftest.cpp
configure:4997: $? = 0
configure:5011: /usr/bin/g++ -E  conftest.cpp
conftest.cpp:30:10: fatal error: ac_nonexistent.h: No such file or directory
   30 | #include <ac_nonexistent.h>
      |          ^~~~~~~~~~~~~~~~~~
compilation terminated.
configure:5011: $? = 1
configure: failed program was:
| /* confdefs.h */
| #define PACKAGE_NAME "sparsehash"
| #define PACKAGE_TARNAME "sparsehash"
| #define PACKAGE_VERSION "2.0.2"
| #define PACKAGE_STRING "sparsehash 2.0.2"
| #define PACKAGE_BUGREPORT "google-sparsehash@googlegroups.com"
| #define PACKAGE_URL ""
| #define PACKAGE "sparsehash"
| #define VERSION "2.0.2"
| #define STDC_HEADERS 1
| #define HAVE_MEMCPY 1
| #define HAVE_MEMMOVE 1
| #define HAVE_SYS_TYPES_H 1
| #define HAVE_SYS_STAT_H 1
| #define HAVE_STDLIB_H 1
| #define HAVE_STRING_H 1
| #define HAVE_MEMORY_H 1
| #define HAVE_STRINGS_H 1
| #define HAVE_INTTYPES_H 1
| #define HAVE_STDINT_H 1
| #define HAVE_UNISTD_H 1
| #define HAVE_UINT16_T 1
| #define HAVE_U_INT16_T 1
| #define HAVE_LONG_LONG 1
| #define HAVE_SYS_RESOURCE_H 1
| #define HAVE_UNISTD_H 1
| #define HAVE_SYS_TIME_H 1
| #define HAVE_SYS_UTSNAME_H 1
| /* end confdefs.h.  */
| #include <ac_nonexistent.h>
configure:5042: checking google/malloc_extension.h usability
configure:5042: /usr/bin/g++ -c -I /home/projects/MAAG/Magpie/Magpie/vgan_corrected/dep/vg/include -I/home/projects/MAAG/Magpie/Magpie/vgan_corrected/dep/vg/include/dynamic -O3 -Werror=return-type -std=c++14 -ggdb -g  -fopenmp -msse4.2  conftest.cpp >&5
In file included from conftest.cpp:63:
/usr/include/google/malloc_extension.h:34:2: warning: #warning "google/malloc_extension.h is deprecated. Use gperftools/malloc_extension.h instead" [-Wcpp]
   34 | #warning "google/malloc_extension.h is deprecated. Use gperftools/malloc_extension.h instead"
      |  ^~~~~~~
configure:5042: $? = 0
configure:5042: result: yes
configure:5042: checking google/malloc_extension.h presence
configure:5042: /usr/bin/g++ -E  conftest.cpp
In file included from conftest.cpp:30:
/usr/include/google/malloc_extension.h:34:2: warning: #warning "google/malloc_extension.h is deprecated. Use gperftools/malloc_extension.h instead" [-Wcpp]
   34 | #warning "google/malloc_extension.h is deprecated. Use gperftools/malloc_extension.h instead"
      |  ^~~~~~~
configure:5042: $? = 0
configure:5042: result: yes
configure:5042: checking for google/malloc_extension.h
configure:5042: result: yes
configure:5062: checking build system type
configure:5076: result: x86_64-pc-linux-gnu
configure:5096: checking host system type
configure:5109: result: x86_64-pc-linux-gnu
configure:5294: checking for the pthreads library -lpthreads
configure:5327: /usr/bin/gcc -o conftest -I /home/projects/MAAG/Magpie/Magpie/vgan_corrected/dep/vg/include     -L/home/projects/MAAG/Magpie/Magpie/vgan_corrected/dep/vg/lib conftest.c -lpthreads  >&5
conftest.c: In function 'main':
conftest.c:36:22: warning: null argument where non-null required (argument 1) [-Wnonnull]
   36 |                      pthread_attr_init(0); pthread_cleanup_push(0, 0);
      |                      ^~~~~~~~~~~~~~~~~
conftest.c:37:22: warning: null argument where non-null required (argument 1) [-Wnonnull]
   37 |                      pthread_create(0,0,0,0); pthread_cleanup_pop(0);
      |                      ^~~~~~~~~~~~~~
conftest.c:37:22: warning: null argument where non-null required (argument 3) [-Wnonnull]
/usr/bin/ld: cannot find -lpthreads
collect2: error: ld returned 1 exit status
configure:5327: $? = 1
configure: failed program was:
| /* confdefs.h */
| #define PACKAGE_NAME "sparsehash"
| #define PACKAGE_TARNAME "sparsehash"
| #define PACKAGE_VERSION "2.0.2"
| #define PACKAGE_STRING "sparsehash 2.0.2"
| #define PACKAGE_BUGREPORT "google-sparsehash@googlegroups.com"
| #define PACKAGE_URL ""
| #define PACKAGE "sparsehash"
| #define VERSION "2.0.2"
| #define STDC_HEADERS 1
| #define HAVE_MEMCPY 1
| #define HAVE_MEMMOVE 1
| #define HAVE_SYS_TYPES_H 1
| #define HAVE_SYS_STAT_H 1
| #define HAVE_STDLIB_H 1
| #define HAVE_STRING_H 1
| #define HAVE_MEMORY_H 1
| #define HAVE_STRINGS_H 1
| #define HAVE_INTTYPES_H 1
| #define HAVE_STDINT_H 1
| #define HAVE_UNISTD_H 1
| #define HAVE_UINT16_T 1
| #define HAVE_U_INT16_T 1
| #define HAVE_LONG_LONG 1
| #define HAVE_SYS_RESOURCE_H 1
| #define HAVE_UNISTD_H 1
| #define HAVE_SYS_TIME_H 1
| #define HAVE_SYS_UTSNAME_H 1
| #define HAVE_GOOGLE_MALLOC_EXTENSION_H 1
| /* end confdefs.h.  */
| #include <pthread.h>
| int
| main ()
| {
| pthread_t th; pthread_join(th, 0);
|                      pthread_attr_init(0); pthread_cleanup_push(0, 0);
|                      pthread_create(0,0,0,0); pthread_cleanup_pop(0);
|   ;
|   return 0;
| }
configure:5336: result: no
configure:5239: checking whether pthreads work without any flags
configure:5327: /usr/bin/gcc -o conftest -I /home/projects/MAAG/Magpie/Magpie/vgan_corrected/dep/vg/include     -L/home/projects/MAAG/Magpie/Magpie/vgan_corrected/dep/vg/lib conftest.c   >&5
conftest.c: In function 'main':
conftest.c:36:22: warning: null argument where non-null required (argument 1) [-Wnonnull]
   36 |                      pthread_attr_init(0); pthread_cleanup_push(0, 0);
      |                      ^~~~~~~~~~~~~~~~~
conftest.c:37:22: warning: null argument where non-null required (argument 1) [-Wnonnull]
   37 |                      pthread_create(0,0,0,0); pthread_cleanup_pop(0);
      |                      ^~~~~~~~~~~~~~
conftest.c:37:22: warning: null argument where non-null required (argument 3) [-Wnonnull]
/usr/bin/ld: /tmp/ccIPaKY7.o: in function `main':
conftest.c:(.text+0x2b): undefined reference to `pthread_join'
/usr/bin/ld: conftest.c:(.text+0x98): undefined reference to `__pthread_register_cancel'
/usr/bin/ld: conftest.c:(.text+0xb1): undefined reference to `pthread_create'
/usr/bin/ld: conftest.c:(.text+0xbd): undefined reference to `__pthread_unregister_cancel'
collect2: error: ld returned 1 exit status
configure:5327: $? = 1
configure: failed program was:
| /* confdefs.h */
| #define PACKAGE_NAME "sparsehash"
| #define PACKAGE_TARNAME "sparsehash"
| #define PACKAGE_VERSION "2.0.2"
| #define PACKAGE_STRING "sparsehash 2.0.2"
| #define PACKAGE_BUGREPORT "google-sparsehash@googlegroups.com"
| #define PACKAGE_URL ""
| #define PACKAGE "sparsehash"
| #define VERSION "2.0.2"
| #define STDC_HEADERS 1
| #define HAVE_MEMCPY 1
| #define HAVE_MEMMOVE 1
| #define HAVE_SYS_TYPES_H 1
| #define HAVE_SYS_STAT_H 1
| #define HAVE_STDLIB_H 1
| #define HAVE_STRING_H 1
| #define HAVE_MEMORY_H 1
| #define HAVE_STRINGS_H 1
| #define HAVE_INTTYPES_H 1
| #define HAVE_STDINT_H 1
| #define HAVE_UNISTD_H 1
| #define HAVE_UINT16_T 1
| #define HAVE_U_INT16_T 1
| #define HAVE_LONG_LONG 1
| #define HAVE_SYS_RESOURCE_H 1
| #define HAVE_UNISTD_H 1
| #define HAVE_SYS_TIME_H 1
| #define HAVE_SYS_UTSNAME_H 1
| #define HAVE_GOOGLE_MALLOC_EXTENSION_H 1
| /* end confdefs.h.  */
| #include <pthread.h>
| int
| main ()
| {
| pthread_t th; pthread_join(th, 0);
|                      pthread_attr_init(0); pthread_cleanup_push(0, 0);
|                      pthread_create(0,0,0,0); pthread_cleanup_pop(0);
|   ;
|   return 0;
| }
configure:5336: result: no
configure:5244: checking whether pthreads work with -Kthread
configure:5327: /usr/bin/gcc -o conftest -I /home/projects/MAAG/Magpie/Magpie/vgan_corrected/dep/vg/include  -Kthread   -L/home/projects/MAAG/Magpie/Magpie/vgan_corrected/dep/vg/lib conftest.c   >&5
gcc: error: unrecognized command line option '-Kthread'; did you mean '-pthread'?
configure:5327: $? = 1
configure: failed program was:
| /* confdefs.h */
| #define PACKAGE_NAME "sparsehash"
| #define PACKAGE_TARNAME "sparsehash"
| #define PACKAGE_VERSION "2.0.2"
| #define PACKAGE_STRING "sparsehash 2.0.2"
| #define PACKAGE_BUGREPORT "google-sparsehash@googlegroups.com"
| #define PACKAGE_URL ""
| #define PACKAGE "sparsehash"
| #define VERSION "2.0.2"
| #define STDC_HEADERS 1
| #define HAVE_MEMCPY 1
| #define HAVE_MEMMOVE 1
| #define HAVE_SYS_TYPES_H 1
| #define HAVE_SYS_STAT_H 1
| #define HAVE_STDLIB_H 1
| #define HAVE_STRING_H 1
| #define HAVE_MEMORY_H 1
| #define HAVE_STRINGS_H 1
| #define HAVE_INTTYPES_H 1
| #define HAVE_STDINT_H 1
| #define HAVE_UNISTD_H 1
| #define HAVE_UINT16_T 1
| #define HAVE_U_INT16_T 1
| #define HAVE_LONG_LONG 1
| #define HAVE_SYS_RESOURCE_H 1
| #define HAVE_UNISTD_H 1
| #define HAVE_SYS_TIME_H 1
| #define HAVE_SYS_UTSNAME_H 1
| #define HAVE_GOOGLE_MALLOC_EXTENSION_H 1
| /* end confdefs.h.  */
| #include <pthread.h>
| int
| main ()
| {
| pthread_t th; pthread_join(th, 0);
|                      pthread_attr_init(0); pthread_cleanup_push(0, 0);
|                      pthread_create(0,0,0,0); pthread_cleanup_pop(0);
|   ;
|   return 0;
| }
configure:5336: result: no
configure:5244: checking whether pthreads work with -kthread
configure:5327: /usr/bin/gcc -o conftest -I /home/projects/MAAG/Magpie/Magpie/vgan_corrected/dep/vg/include  -kthread   -L/home/projects/MAAG/Magpie/Magpie/vgan_corrected/dep/vg/lib conftest.c   >&5
gcc: error: unrecognized command line option '-kthread'; did you mean '-pthread'?
configure:5327: $? = 1
configure: failed program was:
| /* confdefs.h */
| #define PACKAGE_NAME "sparsehash"
| #define PACKAGE_TARNAME "sparsehash"
| #define PACKAGE_VERSION "2.0.2"
| #define PACKAGE_STRING "sparsehash 2.0.2"
| #define PACKAGE_BUGREPORT "google-sparsehash@googlegroups.com"
| #define PACKAGE_URL ""
| #define PACKAGE "sparsehash"
| #define VERSION "2.0.2"
| #define STDC_HEADERS 1
| #define HAVE_MEMCPY 1
| #define HAVE_MEMMOVE 1
| #define HAVE_SYS_TYPES_H 1
| #define HAVE_SYS_STAT_H 1
| #define HAVE_STDLIB_H 1
| #define HAVE_STRING_H 1
| #define HAVE_MEMORY_H 1
| #define HAVE_STRINGS_H 1
| #define HAVE_INTTYPES_H 1
| #define HAVE_STDINT_H 1
| #define HAVE_UNISTD_H 1
| #define HAVE_UINT16_T 1
| #define HAVE_U_INT16_T 1
| #define HAVE_LONG_LONG 1
| #define HAVE_SYS_RESOURCE_H 1
| #define HAVE_UNISTD_H 1
| #define HAVE_SYS_TIME_H 1
| #define HAVE_SYS_UTSNAME_H 1
| #define HAVE_GOOGLE_MALLOC_EXTENSION_H 1
| /* end confdefs.h.  */
| #include <pthread.h>
| int
| main ()
| {
| pthread_t th; pthread_join(th, 0);
|                      pthread_attr_init(0); pthread_cleanup_push(0, 0);
|                      pthread_create(0,0,0,0); pthread_cleanup_pop(0);
|   ;
|   return 0;
| }
configure:5336: result: no
configure:5294: checking for the pthreads library -llthread
configure:5327: /usr/bin/gcc -o conftest -I /home/projects/MAAG/Magpie/Magpie/vgan_corrected/dep/vg/include     -L/home/projects/MAAG/Magpie/Magpie/vgan_corrected/dep/vg/lib conftest.c -llthread  >&5
conftest.c: In function 'main':
conftest.c:36:22: warning: null argument where non-null required (argument 1) [-Wnonnull]
   36 |                      pthread_attr_init(0); pthread_cleanup_push(0, 0);
      |                      ^~~~~~~~~~~~~~~~~
conftest.c:37:22: warning: null argument where non-null required (argument 1) [-Wnonnull]
   37 |                      pthread_create(0,0,0,0); pthread_cleanup_pop(0);
      |                      ^~~~~~~~~~~~~~
conftest.c:37:22: warning: null argument where non-null required (argument 3) [-Wnonnull]
/usr/bin/ld: cannot find -llthread
collect2: error: ld returned 1 exit status
configure:5327: $? = 1
configure: failed program was:
| /* confdefs.h */
| #define PACKAGE_NAME "sparsehash"
| #define PACKAGE_TARNAME "sparsehash"
| #define PACKAGE_VERSION "2.0.2"
| #define PACKAGE_STRING "sparsehash 2.0.2"
| #define PACKAGE_BUGREPORT "google-sparsehash@googlegroups.com"
| #define PACKAGE_URL ""
| #define PACKAGE "sparsehash"
| #define VERSION "2.0.2"
| #define STDC_HEADERS 1
| #define HAVE_MEMCPY 1
| #define HAVE_MEMMOVE 1
| #define HAVE_SYS_TYPES_H 1
| #define HAVE_SYS_STAT_H 1
| #define HAVE_STDLIB_H 1
| #define HAVE_STRING_H 1
| #define HAVE_MEMORY_H 1
| #define HAVE_STRINGS_H 1
| #define HAVE_INTTYPES_H 1
| #define HAVE_STDINT_H 1
| #define HAVE_UNISTD_H 1
| #define HAVE_UINT16_T 1
| #define HAVE_U_INT16_T 1
| #define HAVE_LONG_LONG 1
| #define HAVE_SYS_RESOURCE_H 1
| #define HAVE_UNISTD_H 1
| #define HAVE_SYS_TIME_H 1
| #define HAVE_SYS_UTSNAME_H 1
| #define HAVE_GOOGLE_MALLOC_EXTENSION_H 1
| /* end confdefs.h.  */
| #include <pthread.h>
| int
| main ()
| {
| pthread_t th; pthread_join(th, 0);
|                      pthread_attr_init(0); pthread_cleanup_push(0, 0);
|                      pthread_create(0,0,0,0); pthread_cleanup_pop(0);
|   ;
|   return 0;
| }
configure:5336: result: no
configure:5244: checking whether pthreads work with -pthread
configure:5327: /usr/bin/gcc -o conftest -I /home/projects/MAAG/Magpie/Magpie/vgan_corrected/dep/vg/include  -pthread   -L/home/projects/MAAG/Magpie/Magpie/vgan_corrected/dep/vg/lib conftest.c   >&5
conftest.c: In function 'main':
conftest.c:36:22: warning: null argument where non-null required (argument 1) [-Wnonnull]
   36 |                      pthread_attr_init(0); pthread_cleanup_push(0, 0);
      |                      ^~~~~~~~~~~~~~~~~
conftest.c:37:22: warning: null argument where non-null required (argument 1) [-Wnonnull]
   37 |                      pthread_create(0,0,0,0); pthread_cleanup_pop(0);
      |                      ^~~~~~~~~~~~~~
conftest.c:37:22: warning: null argument where non-null required (argument 3) [-Wnonnull]
configure:5327: $? = 0
configure:5336: result: yes
configure:5355: checking for joinable pthread attribute
configure:5370: /usr/bin/gcc -o conftest -I /home/projects/MAAG/Magpie/Magpie/vgan_corrected/dep/vg/include  -pthread   -L/home/projects/MAAG/Magpie/Magpie/vgan_corrected/dep/vg/lib conftest.c   >&5
configure:5370: $? = 0
configure:5376: result: PTHREAD_CREATE_JOINABLE
configure:5386: checking if more special flags are required for pthreads
configure:5393: result: no
configure:5482: checking whether to check for GCC pthread/shared inconsistencies
configure:5495: /usr/bin/gcc -o conftest -shared -fPIC -Wl,-z,defs -I /home/projects/MAAG/Magpie/Magpie/vgan_corrected/dep/vg/include  -pthread   -L/home/projects/MAAG/Magpie/Magpie/vgan_corrected/dep/vg/lib conftest.c   >&5
configure:5495: $? = 0
configure:5507: result: yes
configure:5513: checking whether -pthread is sufficient with -shared
configure:5528: /usr/bin/gcc -o conftest -shared -fPIC -Wl,-z,defs -I /home/projects/MAAG/Magpie/Magpie/vgan_corrected/dep/vg/include  -pthread   -L/home/projects/MAAG/Magpie/Magpie/vgan_corrected/dep/vg/lib conftest.c   >&5
conftest.c: In function 'main':
conftest.c:36:8: warning: null argument where non-null required (argument 1) [-Wnonnull]
   36 |        pthread_attr_init(0); pthread_cleanup_push(0, 0);
      |        ^~~~~~~~~~~~~~~~~
conftest.c:37:8: warning: null argument where non-null required (argument 1) [-Wnonnull]
   37 |        pthread_create(0,0,0,0); pthread_cleanup_pop(0);
      |        ^~~~~~~~~~~~~~
conftest.c:37:8: warning: null argument where non-null required (argument 3) [-Wnonnull]
configure:5528: $? = 0
configure:5535: result: yes
configure:5623: checking whether what we have so far is sufficient with -nostdlib
configure:5641: /usr/bin/gcc -o conftest -nostdlib -shared -fPIC -Wl,-z,defs -I /home/projects/MAAG/Magpie/Magpie/vgan_corrected/dep/vg/include  -pthread   -L/home/projects/MAAG/Magpie/Magpie/vgan_corrected/dep/vg/lib conftest.c   -lc >&5
conftest.c: In function 'main':
conftest.c:36:9: warning: null argument where non-null required (argument 1) [-Wnonnull]
   36 |         pthread_attr_init(0); pthread_cleanup_push(0, 0);
      |         ^~~~~~~~~~~~~~~~~
conftest.c:37:9: warning: null argument where non-null required (argument 1) [-Wnonnull]
   37 |         pthread_create(0,0,0,0); pthread_cleanup_pop(0);
      |         ^~~~~~~~~~~~~~
conftest.c:37:9: warning: null argument where non-null required (argument 3) [-Wnonnull]
/usr/bin/ld: /tmp/cc39re8A.o: in function `main':
conftest.c:(.text+0x1c): undefined reference to `pthread_join'
/usr/bin/ld: conftest.c:(.text+0x86): undefined reference to `__pthread_register_cancel'
/usr/bin/ld: conftest.c:(.text+0x9f): undefined reference to `pthread_create'
/usr/bin/ld: conftest.c:(.text+0xae): undefined reference to `__pthread_unregister_cancel'
collect2: error: ld returned 1 exit status
configure:5641: $? = 1
configure: failed program was:
| /* confdefs.h */
| #define PACKAGE_NAME "sparsehash"
| #define PACKAGE_TARNAME "sparsehash"
| #define PACKAGE_VERSION "2.0.2"
| #define PACKAGE_STRING "sparsehash 2.0.2"
| #define PACKAGE_BUGREPORT "google-sparsehash@googlegroups.com"
| #define PACKAGE_URL ""
| #define PACKAGE "sparsehash"
| #define VERSION "2.0.2"
| #define STDC_HEADERS 1
| #define HAVE_MEMCPY 1
| #define HAVE_MEMMOVE 1
| #define HAVE_SYS_TYPES_H 1
| #define HAVE_SYS_STAT_H 1
| #define HAVE_STDLIB_H 1
| #define HAVE_STRING_H 1
| #define HAVE_MEMORY_H 1
| #define HAVE_STRINGS_H 1
| #define HAVE_INTTYPES_H 1
| #define HAVE_STDINT_H 1
| #define HAVE_UNISTD_H 1
| #define HAVE_UINT16_T 1
| #define HAVE_U_INT16_T 1
| #define HAVE_LONG_LONG 1
| #define HAVE_SYS_RESOURCE_H 1
| #define HAVE_UNISTD_H 1
| #define HAVE_SYS_TIME_H 1
| #define HAVE_SYS_UTSNAME_H 1
| #define HAVE_GOOGLE_MALLOC_EXTENSION_H 1
| /* end confdefs.h.  */
| #include <pthread.h>
| int
| main ()
| {
| pthread_t th; pthread_join(th, 0);
| 	       pthread_attr_init(0); pthread_cleanup_push(0, 0);
| 	       pthread_create(0,0,0,0); pthread_cleanup_pop(0);
|   ;
|   return 0;
| }
configure:5653: result: no
configure:5658: checking whether -lpthread saves the day
configure:5674: /usr/bin/gcc -o conftest -nostdlib -shared -fPIC -Wl,-z,defs -I /home/projects/MAAG/Magpie/Magpie/vgan_corrected/dep/vg/include  -pthread   -L/home/projects/MAAG/Magpie/Magpie/vgan_corrected/dep/vg/lib conftest.c -lpthread   -lc >&5
conftest.c: In function 'main':
conftest.c:36:9: warning: null argument where non-null required (argument 1) [-Wnonnull]
   36 |         pthread_attr_init(0); pthread_cleanup_push(0, 0);
      |         ^~~~~~~~~~~~~~~~~
conftest.c:37:9: warning: null argument where non-null required (argument 1) [-Wnonnull]
   37 |         pthread_create(0,0,0,0); pthread_cleanup_pop(0);
      |         ^~~~~~~~~~~~~~
conftest.c:37:9: warning: null argument where non-null required (argument 3) [-Wnonnull]
configure:5674: $? = 0
configure:5683: result: yes
configure:5730: checking whether the compiler implements namespaces
configure:5754: /usr/bin/g++ -c -I /home/projects/MAAG/Magpie/Magpie/vgan_corrected/dep/vg/include -I/home/projects/MAAG/Magpie/Magpie/vgan_corrected/dep/vg/include/dynamic -O3 -Werror=return-type -std=c++14 -ggdb -g  -fopenmp -msse4.2  conftest.cpp >&5
configure:5754: $? = 0
configure:5767: result: yes
configure:5775: checking the location of hash_map
configure:5801: /usr/bin/g++ -c -I /home/projects/MAAG/Magpie/Magpie/vgan_corrected/dep/vg/include -I/home/projects/MAAG/Magpie/Magpie/vgan_corrected/dep/vg/include/dynamic -O3 -Werror=return-type -std=c++14 -ggdb -g  -fopenmp -msse4.2  conftest.cpp >&5
configure:5801: $? = 0
configure:5823: /usr/bin/g++ -c -I /home/projects/MAAG/Magpie/Magpie/vgan_corrected/dep/vg/include -I/home/projects/MAAG/Magpie/Magpie/vgan_corrected/dep/vg/include/dynamic -O3 -Werror=return-type -std=c++14 -ggdb -g  -fopenmp -msse4.2  conftest.cpp >&5
configure:5823: $? = 0
configure:5884: result: <unordered_map>
configure:5894: checking how to include hash_fun directly
configure:5920: /usr/bin/g++ -c -I /home/projects/MAAG/Magpie/Magpie/vgan_corrected/dep/vg/include -I/home/projects/MAAG/Magpie/Magpie/vgan_corrected/dep/vg/include/dynamic -O3 -Werror=return-type -std=c++14 -ggdb -g  -fopenmp -msse4.2  conftest.cpp >&5
configure:5920: $? = 0
configure:5942: result: <functional>
configure:6104: checking that generated files are newer than configure
configure:6110: result: done
configure:6141: creating ./config.status

## ---------------------- ##
## Running config.status. ##
## ---------------------- ##

This file was extended by sparsehash config.status 2.0.2, which was
generated by GNU Autoconf 2.69.  Invocation command line was

  CONFIG_FILES    = 
  CONFIG_HEADERS  = 
  CONFIG_LINKS    = 
  CONFIG_COMMANDS = 
  $ ./config.status 

on node07

config.status:898: creating Makefile
config.status:898: creating src/config.h
config.status:1079: src/config.h is unchanged
config.status:1127: executing depfiles commands
config.status:1204: cd .       && sed -e '/# am--include-marker/d' Makefile         | make -f - am--depfiles
make[1]: Entering directory '/home/projects/MAAG/Magpie/Magpie/vgan_corrected/dep/vg/deps/sparsehash'
make[1]: Nothing to be done for 'am--depfiles'.
make[1]: Leaving directory '/home/projects/MAAG/Magpie/Magpie/vgan_corrected/dep/vg/deps/sparsehash'
config.status:1209: $? = 0

## ---------------- ##
## Cache variables. ##
## ---------------- ##

ac_cv_build=x86_64-pc-linux-gnu
ac_cv_c_compiler_gnu=yes
ac_cv_cxx_compiler_gnu=yes
ac_cv_cxx_hash_map='<unordered_map>'
ac_cv_cxx_hash_namespace=std
ac_cv_cxx_hash_set='<unordered_set>'
ac_cv_cxx_have_unordered_map=yes
ac_cv_cxx_namespaces=yes
ac_cv_cxx_stl_hash_fun='<functional>'
ac_cv_env_CCC_set=
ac_cv_env_CCC_value=
ac_cv_env_CC_set=set
ac_cv_env_CC_value=/usr/bin/gcc
ac_cv_env_CFLAGS_set=set
ac_cv_env_CFLAGS_value='-I /home/projects/MAAG/Magpie/Magpie/vgan_corrected/dep/vg/include '
ac_cv_env_CPPFLAGS_set=
ac_cv_env_CPPFLAGS_value=
ac_cv_env_CPP_set=
ac_cv_env_CPP_value=
ac_cv_env_CXXCPP_set=
ac_cv_env_CXXCPP_value=
ac_cv_env_CXXFLAGS_set=set
ac_cv_env_CXXFLAGS_value='-I /home/projects/MAAG/Magpie/Magpie/vgan_corrected/dep/vg/include -I/home/projects/MAAG/Magpie/Magpie/vgan_corrected/dep/vg/include/dynamic -O3 -Werror=return-type -std=c++14 -ggdb -g  -fopenmp -msse4.2'
ac_cv_env_CXX_set=set
ac_cv_env_CXX_value=/usr/bin/g++
ac_cv_env_LDFLAGS_set=set
ac_cv_env_LDFLAGS_value=' -L/home/projects/MAAG/Magpie/Magpie/vgan_corrected/dep/vg/lib'
ac_cv_env_LIBS_set=
ac_cv_env_LIBS_value=
ac_cv_env_build_alias_set=
ac_cv_env_build_alias_value=
ac_cv_env_host_alias_set=
ac_cv_env_host_alias_value=
ac_cv_env_target_alias_set=
ac_cv_env_target_alias_value=
ac_cv_func_memcpy=yes
ac_cv_func_memmove=yes
ac_cv_header_google_malloc_extension_h=yes
ac_cv_header_inttypes_h=yes
ac_cv_header_memory_h=yes
ac_cv_header_stdc=yes
ac_cv_header_stdint_h=yes
ac_cv_header_stdlib_h=yes
ac_cv_header_string_h=yes
ac_cv_header_strings_h=yes
ac_cv_header_sys_resource_h=yes
ac_cv_header_sys_stat_h=yes
ac_cv_header_sys_time_h=yes
ac_cv_header_sys_types_h=yes
ac_cv_header_sys_utsname_h=yes
ac_cv_header_unistd_h=yes
ac_cv_host=x86_64-pc-linux-gnu
ac_cv_objext=o
ac_cv_path_EGREP='/usr/bin/grep -E'
ac_cv_path_GREP=/usr/bin/grep
ac_cv_path_install='/usr/bin/install -c'
ac_cv_path_mkdir=/usr/bin/mkdir
ac_cv_prog_AWK=gawk
ac_cv_prog_CPP='/usr/bin/gcc -E'
ac_cv_prog_CXXCPP='/usr/bin/g++ -E'
ac_cv_prog_ac_ct_CC=/usr/bin/gcc
ac_cv_prog_cc_c89=
ac_cv_prog_cc_g=yes
ac_cv_prog_cxx_g=yes
ac_cv_prog_make_make_set=yes
ac_cv_type___uint16=no
ac_cv_type_long_long=yes
ac_cv_type_u_int16_t=yes
ac_cv_type_uint16_t=yes
am_cv_CC_dependencies_compiler_type=gcc3
am_cv_CXX_dependencies_compiler_type=gcc3
am_cv_make_support_nested_variables=yes
am_cv_prog_cc_c_o=yes

## ----------------- ##
## Output variables. ##
## ----------------- ##

ACLOCAL='${SHELL} /home/projects/MAAG/Magpie/Magpie/vgan_corrected/dep/vg/deps/sparsehash/missing aclocal-1.16'
AMDEPBACKSLASH='\'
AMDEP_FALSE='#'
AMDEP_TRUE=''
AMTAR='$${TAR-tar}'
AM_BACKSLASH='\'
AM_DEFAULT_V='$(AM_DEFAULT_VERBOSITY)'
AM_DEFAULT_VERBOSITY='1'
AM_V='$(V)'
AUTOCONF='${SHELL} /home/projects/MAAG/Magpie/Magpie/vgan_corrected/dep/vg/deps/sparsehash/missing autoconf'
AUTOHEADER='${SHELL} /home/projects/MAAG/Magpie/Magpie/vgan_corrected/dep/vg/deps/sparsehash/missing autoheader'
AUTOMAKE='${SHELL} /home/projects/MAAG/Magpie/Magpie/vgan_corrected/dep/vg/deps/sparsehash/missing automake-1.16'
AWK='gawk'
CC='/usr/bin/gcc'
CCDEPMODE='depmode=gcc3'
CFLAGS='-I /home/projects/MAAG/Magpie/Magpie/vgan_corrected/dep/vg/include '
CPP='/usr/bin/gcc -E'
CPPFLAGS=''
CXX='/usr/bin/g++'
CXXCPP='/usr/bin/g++ -E'
CXXDEPMODE='depmode=gcc3'
CXXFLAGS='-I /home/projects/MAAG/Magpie/Magpie/vgan_corrected/dep/vg/include -I/home/projects/MAAG/Magpie/Magpie/vgan_corrected/dep/vg/include/dynamic -O3 -Werror=return-type -std=c++14 -ggdb -g  -fopenmp -msse4.2'
CYGPATH_W='echo'
DEFS='-DHAVE_CONFIG_H'
DEPDIR='.deps'
ECHO_C=''
ECHO_N='-n'
ECHO_T=''
EGREP='/usr/bin/grep -E'
EXEEXT=''
GCC_FALSE='#'
GCC_TRUE=''
GREP='/usr/bin/grep'
INSTALL_DATA='${INSTALL} -m 644'
INSTALL_PROGRAM='${INSTALL}'
INSTALL_SCRIPT='${INSTALL}'
INSTALL_STRIP_PROGRAM='$(install_sh) -c -s'
LDFLAGS=' -L/home/projects/MAAG/Magpie/Magpie/vgan_corrected/dep/vg/lib'
LIBOBJS=''
LIBS=''
LTLIBOBJS=''
MAKEINFO='${SHELL} /home/projects/MAAG/Magpie/Magpie/vgan_corrected/dep/vg/deps/sparsehash/missing makeinfo'
MKDIR_P='/usr/bin/mkdir -p'
OBJEXT='o'
PACKAGE='sparsehash'
PACKAGE_BUGREPORT='google-sparsehash@googlegroups.com'
PACKAGE_NAME='sparsehash'
PACKAGE_STRING='sparsehash 2.0.2'
PACKAGE_TARNAME='sparsehash'
PACKAGE_URL=''
PACKAGE_VERSION='2.0.2'
PATH_SEPARATOR=':'
PTHREAD_CC='/usr/bin/gcc'
PTHREAD_CFLAGS='-pthread'
PTHREAD_LIBS=' -lpthread'
SET_MAKE=''
SHELL='/bin/bash'
STRIP=''
VERSION='2.0.2'
ac_ct_CC='/usr/bin/gcc'
ac_ct_CXX=''
acx_pthread_config=''
am__EXEEXT_FALSE=''
am__EXEEXT_TRUE='#'
am__fastdepCC_FALSE='#'
am__fastdepCC_TRUE=''
am__fastdepCXX_FALSE='#'
am__fastdepCXX_TRUE=''
am__include='include'
am__isrc=''
am__leading_dot='.'
am__nodep='_no'
am__quote=''
am__tar='$${TAR-tar} chof - "$$tardir"'
am__untar='$${TAR-tar} xf -'
bindir='${exec_prefix}/bin'
build='x86_64-pc-linux-gnu'
build_alias=''
build_cpu='x86_64'
build_os='linux-gnu'
build_vendor='pc'
datadir='${datarootdir}'
datarootdir='${prefix}/share'
docdir='${datarootdir}/doc/${PACKAGE_TARNAME}'
dvidir='${docdir}'
exec_prefix='${prefix}'
host='x86_64-pc-linux-gnu'
host_alias=''
host_cpu='x86_64'
host_os='linux-gnu'
host_vendor='pc'
htmldir='${docdir}'
includedir='${prefix}/include'
infodir='${datarootdir}/info'
install_sh='${SHELL} /home/projects/MAAG/Magpie/Magpie/vgan_corrected/dep/vg/deps/sparsehash/install-sh'
libdir='${exec_prefix}/lib'
libexecdir='${exec_prefix}/libexec'
localedir='${datarootdir}/locale'
localstatedir='${prefix}/var'
mandir='${datarootdir}/man'
mkdir_p='$(MKDIR_P)'
oldincludedir='/usr/include'
pdfdir='${docdir}'
prefix='/home/projects/MAAG/Magpie/Magpie/vgan_corrected/dep/vg'
program_transform_name='s,x,x,'
psdir='${docdir}'
runstatedir='${localstatedir}/run'
sbindir='${exec_prefix}/sbin'
sharedstatedir='${prefix}/com'
sysconfdir='${prefix}/etc'
target_alias=''
tcmalloc_flags='$(PTHREAD_CFLAGS)'
tcmalloc_libs='-ltcmalloc $(PTHREAD_LIBS)'

## ----------- ##
## confdefs.h. ##
## ----------- ##

/* confdefs.h */
#define PACKAGE_NAME "sparsehash"
#define PACKAGE_TARNAME "sparsehash"
#define PACKAGE_VERSION "2.0.2"
#define PACKAGE_STRING "sparsehash 2.0.2"
#define PACKAGE_BUGREPORT "google-sparsehash@googlegroups.com"
#define PACKAGE_URL ""
#define PACKAGE "sparsehash"
#define VERSION "2.0.2"
#define STDC_HEADERS 1
#define HAVE_MEMCPY 1
#define HAVE_MEMMOVE 1
#define HAVE_SYS_TYPES_H 1
#define HAVE_SYS_STAT_H 1
#define HAVE_STDLIB_H 1
#define HAVE_STRING_H 1
#define HAVE_MEMORY_H 1
#define HAVE_STRINGS_H 1
#define HAVE_INTTYPES_H 1
#define HAVE_STDINT_H 1
#define HAVE_UNISTD_H 1
#define HAVE_UINT16_T 1
#define HAVE_U_INT16_T 1
#define HAVE_LONG_LONG 1
#define HAVE_SYS_RESOURCE_H 1
#define HAVE_UNISTD_H 1
#define HAVE_SYS_TIME_H 1
#define HAVE_SYS_UTSNAME_H 1
#define HAVE_GOOGLE_MALLOC_EXTENSION_H 1
#define HAVE_PTHREAD 1
#define HAVE_NAMESPACES 1
#define HAVE_HASH_MAP 1
#define HAVE_HASH_SET 1
#define HASH_MAP_H <unordered_map>
#define HASH_SET_H <unordered_set>
#define HASH_NAMESPACE std
#define HAVE_UNORDERED_MAP 1
#define HASH_FUN_H <functional>
#define HASH_NAMESPACE std
#define GOOGLE_NAMESPACE ::google
#define _START_GOOGLE_NAMESPACE_ namespace google {
#define _END_GOOGLE_NAMESPACE_ }
#define SPARSEHASH_HASH_NO_NAMESPACE hash
#define SPARSEHASH_HASH HASH_NAMESPACE::hash

configure: exit 0
