This file contains any messages produced by compilers while
running configure, to aid debugging if configure makes a mistake.

It was created by snappy configure 1.1.3, which was
generated by GNU Autoconf 2.69.  Invocation command line was

  $ ./configure --prefix=/net/mimer/mnt/tank/projects2/vgan_ancient/THIRD_VERSION/SAFARI

## --------- ##
## Platform. ##
## --------- ##

hostname = node07
uname -m = x86_64
uname -r = 5.4.0-171-generic
uname -s = Linux
uname -v = #189-Ubuntu SMP Fri Jan 5 14:23:02 UTC 2024

/usr/bin/uname -p = x86_64
/bin/uname -X     = unknown

/bin/arch              = x86_64
/usr/bin/arch -k       = unknown
/usr/convex/getsysinfo = unknown
/usr/bin/hostinfo      = unknown
/bin/machine           = unknown
/usr/bin/oslevel       = unknown
/bin/universe          = unknown

PATH: /home/projects2/vgan_ancient/THIRD_VERSION/SAFARI/bin
PATH: /home/projects2/vgan_ancient/THIRD_VERSION/SAFARI/scripts
PATH: /home/ctools/opt/anaconda3_202105/condabin
PATH: /home/people/jdru/local/bin
PATH: /home/ctools/schmutzi-1.5.6/src/
PATH: /home/ctools/bin
PATH: /home/ctools/bin/nextflow
PATH: /home/ctools/vg_1.44.0/bin
PATH: /home/ctools/GFAffix-0.1.2.3
PATH: /home/ctools/odgi/bin
PATH: /home/ctools/smoothxg/bin
PATH: /home/ctools/seqwish/bin
PATH: /home/ctools/pggb
PATH: /home/ctools/wfmash/build/bin
PATH: /usr/local/sbin
PATH: /usr/local/bin
PATH: /usr/sbin
PATH: /usr/bin
PATH: /sbin
PATH: /bin
PATH: /usr/games
PATH: /usr/local/games
PATH: /snap/bin
PATH: /home/ctools/bin
PATH: /home/people/jdru/.local/bin
PATH: /home/people/jdru/bin


## ----------- ##
## Core tests. ##
## ----------- ##

configure:2618: checking for a BSD-compatible install
configure:2686: result: /usr/bin/install -c
configure:2697: checking whether build environment is sane
configure:2752: result: yes
configure:2901: checking for a thread-safe mkdir -p
configure:2940: result: /usr/bin/mkdir -p
configure:2947: checking for gawk
configure:2963: found /usr/bin/gawk
configure:2974: result: gawk
configure:2985: checking whether make sets $(MAKE)
configure:3007: result: yes
configure:3036: checking whether make supports nested variables
configure:3053: result: yes
configure:3209: checking build system type
configure:3223: result: x86_64-pc-linux-gnu
configure:3243: checking host system type
configure:3256: result: x86_64-pc-linux-gnu
configure:3297: checking how to print strings
configure:3324: result: printf
configure:3349: checking whether make supports the include directive
configure:3364: make -f confmf.GNU && cat confinc.out
make[1]: Entering directory '/net/mimer/mnt/tank/projects2/vgan_ancient/THIRD_VERSION/SAFARI/deps/snappy'
make[1]: Leaving directory '/net/mimer/mnt/tank/projects2/vgan_ancient/THIRD_VERSION/SAFARI/deps/snappy'
this is the am__doit target
configure:3367: $? = 0
configure:3386: result: yes (GNU style)
configure:3456: checking for gcc
configure:3483: result: /usr/bin/gcc
configure:3712: checking for C compiler version
configure:3721: /usr/bin/gcc --version >&5
gcc (Ubuntu 9.4.0-1ubuntu1~20.04.2) 9.4.0
Copyright (C) 2019 Free Software Foundation, Inc.
This is free software; see the source for copying conditions.  There is NO
warranty; not even for MERCHANTABILITY or FITNESS FOR A PARTICULAR PURPOSE.

configure:3732: $? = 0
configure:3721: /usr/bin/gcc -v >&5
Using built-in specs.
COLLECT_GCC=/usr/bin/gcc
COLLECT_LTO_WRAPPER=/usr/lib/gcc/x86_64-linux-gnu/9/lto-wrapper
OFFLOAD_TARGET_NAMES=nvptx-none:hsa
OFFLOAD_TARGET_DEFAULT=1
Target: x86_64-linux-gnu
Configured with: ../src/configure -v --with-pkgversion='Ubuntu 9.4.0-1ubuntu1~20.04.2' --with-bugurl=file:///usr/share/doc/gcc-9/README.Bugs --enable-languages=c,ada,c++,go,brig,d,fortran,objc,obj-c++,gm2 --prefix=/usr --with-gcc-major-version-only --program-suffix=-9 --program-prefix=x86_64-linux-gnu- --enable-shared --enable-linker-build-id --libexecdir=/usr/lib --without-included-gettext --enable-threads=posix --libdir=/usr/lib --enable-nls --enable-clocale=gnu --enable-libstdcxx-debug --enable-libstdcxx-time=yes --with-default-libstdcxx-abi=new --enable-gnu-unique-object --disable-vtable-verify --enable-plugin --enable-default-pie --with-system-zlib --with-target-system-zlib=auto --enable-objc-gc=auto --enable-multiarch --disable-werror --with-arch-32=i686 --with-abi=m64 --with-multilib-list=m32,m64,mx32 --enable-multilib --with-tune=generic --enable-offload-targets=nvptx-none=/build/gcc-9-9QDOt0/gcc-9-9.4.0/debian/tmp-nvptx/usr,hsa --without-cuda-driver --enable-checking=release --build=x86_64-linux-gnu --host=x86_64-linux-gnu --target=x86_64-linux-gnu
Thread model: posix
gcc version 9.4.0 (Ubuntu 9.4.0-1ubuntu1~20.04.2) 
configure:3732: $? = 0
configure:3721: /usr/bin/gcc -V >&5
gcc: error: unrecognized command line option '-V'
gcc: fatal error: no input files
compilation terminated.
configure:3732: $? = 1
configure:3721: /usr/bin/gcc -qversion >&5
gcc: error: unrecognized command line option '-qversion'; did you mean '--version'?
gcc: fatal error: no input files
compilation terminated.
configure:3732: $? = 1
configure:3752: checking whether the C compiler works
configure:3774: /usr/bin/gcc -I /home/projects2/vgan_ancient/THIRD_VERSION/SAFARI/include    conftest.c  >&5
configure:3778: $? = 0
configure:3826: result: yes
configure:3829: checking for C compiler default output file name
configure:3831: result: a.out
configure:3837: checking for suffix of executables
configure:3844: /usr/bin/gcc -o conftest -I /home/projects2/vgan_ancient/THIRD_VERSION/SAFARI/include    conftest.c  >&5
configure:3848: $? = 0
configure:3870: result: 
configure:3892: checking whether we are cross compiling
configure:3900: /usr/bin/gcc -o conftest -I /home/projects2/vgan_ancient/THIRD_VERSION/SAFARI/include    conftest.c  >&5
configure:3904: $? = 0
configure:3911: ./conftest
configure:3915: $? = 0
configure:3903: result: no
configure:3908: checking for suffix of object files
configure:3930: /usr/bin/gcc -c -I /home/projects2/vgan_ancient/THIRD_VERSION/SAFARI/include   conftest.c >&5
configure:3934: $? = 0
configure:3955: result: o
configure:3959: checking whether we are using the GNU C compiler
configure:3978: /usr/bin/gcc -c -I /home/projects2/vgan_ancient/THIRD_VERSION/SAFARI/include   conftest.c >&5
configure:3978: $? = 0
configure:3987: result: yes
configure:3996: checking whether /usr/bin/gcc accepts -g
configure:4016: /usr/bin/gcc -c -g  conftest.c >&5
configure:4016: $? = 0
configure:4057: result: yes
configure:4074: checking for /usr/bin/gcc option to accept ISO C89
configure:4137: /usr/bin/gcc  -c -I /home/projects2/vgan_ancient/THIRD_VERSION/SAFARI/include   conftest.c >&5
configure:4137: $? = 0
configure:4150: result: none needed
configure:4175: checking whether /usr/bin/gcc understands -c and -o together
configure:4197: /usr/bin/gcc -c conftest.c -o conftest2.o
configure:4200: $? = 0
configure:4197: /usr/bin/gcc -c conftest.c -o conftest2.o
configure:4200: $? = 0
configure:4212: result: yes
configure:4231: checking dependency style of /usr/bin/gcc
configure:4342: result: gcc3
configure:4357: checking for a sed that does not truncate output
configure:4421: result: /usr/bin/sed
configure:4439: checking for grep that handles long lines and -e
configure:4497: result: /usr/bin/grep
configure:4502: checking for egrep
configure:4564: result: /usr/bin/grep -E
configure:4569: checking for fgrep
configure:4631: result: /usr/bin/grep -F
configure:4666: checking for ld used by /usr/bin/gcc
configure:4733: result: /usr/bin/ld
configure:4740: checking if the linker (/usr/bin/ld) is GNU ld
configure:4755: result: yes
configure:4767: checking for BSD- or MS-compatible name lister (nm)
configure:4821: result: /usr/bin/nm -B
configure:4951: checking the name lister (/usr/bin/nm -B) interface
configure:4958: /usr/bin/gcc -c -I /home/projects2/vgan_ancient/THIRD_VERSION/SAFARI/include   conftest.c >&5
configure:4961: /usr/bin/nm -B "conftest.o"
configure:4964: output
0000000000000000 B some_variable
configure:4965: result: BSD nm
configure:4968: checking whether ln -s works
configure:4972: result: yes
configure:4980: checking the maximum length of command line arguments
configure:5111: result: 1572864
configure:5159: checking how to convert x86_64-pc-linux-gnu file names to x86_64-pc-linux-gnu format
configure:5199: result: func_convert_file_noop
configure:5206: checking how to convert x86_64-pc-linux-gnu file names to toolchain format
configure:5226: result: func_convert_file_noop
configure:5233: checking for /usr/bin/ld option to reload object files
configure:5240: result: -r
configure:5314: checking for objdump
configure:5330: found /usr/bin/objdump
configure:5341: result: objdump
configure:5373: checking how to recognize dependent libraries
configure:5573: result: pass_all
configure:5658: checking for dlltool
configure:5688: result: no
configure:5718: checking how to associate runtime and link libraries
configure:5745: result: printf %s\n
configure:5806: checking for ar
configure:5822: found /usr/bin/ar
configure:5833: result: ar
configure:5870: checking for archiver @FILE support
configure:5887: /usr/bin/gcc -c -I /home/projects2/vgan_ancient/THIRD_VERSION/SAFARI/include   conftest.c >&5
configure:5887: $? = 0
configure:5890: ar cr libconftest.a @conftest.lst >&5
configure:5893: $? = 0
configure:5898: ar cr libconftest.a @conftest.lst >&5
ar: conftest.o: No such file or directory
configure:5901: $? = 1
configure:5900: result: @
configure:5958: checking for strip
configure:5974: found /usr/bin/strip
configure:5985: result: strip
configure:6057: checking for ranlib
configure:6073: found /usr/bin/ranlib
configure:6084: result: ranlib
configure:6186: checking command to parse /usr/bin/nm -B output from /usr/bin/gcc object
configure:6339: /usr/bin/gcc -c -I /home/projects2/vgan_ancient/THIRD_VERSION/SAFARI/include   conftest.c >&5
configure:6342: $? = 0
configure:6346: /usr/bin/nm -B conftest.o | sed -n -e 's/^.*[	 ]\([ABCDGIRSTW][ABCDGIRSTW]*\)[	 ][	 ]*\([_A-Za-z][_A-Za-z0-9]*\)$/\1 \2 \2/p' | sed '/ __gnu_lto/d' > conftest.nm
configure:6412: /usr/bin/gcc -o conftest -I /home/projects2/vgan_ancient/THIRD_VERSION/SAFARI/include    conftest.c conftstm.o >&5
configure:6415: $? = 0
configure:6453: result: ok
configure:6500: checking for sysroot
configure:6530: result: no
configure:6537: checking for a working dd
configure:6575: result: /usr/bin/dd
configure:6579: checking how to truncate binary pipes
configure:6594: result: /usr/bin/dd bs=4096 count=1
configure:6730: /usr/bin/gcc -c -I /home/projects2/vgan_ancient/THIRD_VERSION/SAFARI/include   conftest.c >&5
configure:6733: $? = 0
configure:6923: checking for mt
configure:6939: found /usr/bin/mt
configure:6950: result: mt
configure:6973: checking if mt is a manifest tool
configure:6979: mt '-?'
configure:6987: result: no
configure:7664: checking how to run the C preprocessor
configure:7695: /usr/bin/gcc -E  conftest.c
configure:7695: $? = 0
configure:7709: /usr/bin/gcc -E  conftest.c
conftest.c:11:10: fatal error: ac_nonexistent.h: No such file or directory
   11 | #include <ac_nonexistent.h>
      |          ^~~~~~~~~~~~~~~~~~
compilation terminated.
configure:7709: $? = 1
configure: failed program was:
| /* confdefs.h */
| #define PACKAGE_NAME "snappy"
| #define PACKAGE_TARNAME "snappy"
| #define PACKAGE_VERSION "1.1.3"
| #define PACKAGE_STRING "snappy 1.1.3"
| #define PACKAGE_BUGREPORT ""
| #define PACKAGE_URL ""
| #define PACKAGE "snappy"
| #define VERSION "1.1.3"
| /* end confdefs.h.  */
| #include <ac_nonexistent.h>
configure:7734: result: /usr/bin/gcc -E
configure:7754: /usr/bin/gcc -E  conftest.c
configure:7754: $? = 0
configure:7768: /usr/bin/gcc -E  conftest.c
conftest.c:11:10: fatal error: ac_nonexistent.h: No such file or directory
   11 | #include <ac_nonexistent.h>
      |          ^~~~~~~~~~~~~~~~~~
compilation terminated.
configure:7768: $? = 1
configure: failed program was:
| /* confdefs.h */
| #define PACKAGE_NAME "snappy"
| #define PACKAGE_TARNAME "snappy"
| #define PACKAGE_VERSION "1.1.3"
| #define PACKAGE_STRING "snappy 1.1.3"
| #define PACKAGE_BUGREPORT ""
| #define PACKAGE_URL ""
| #define PACKAGE "snappy"
| #define VERSION "1.1.3"
| /* end confdefs.h.  */
| #include <ac_nonexistent.h>
configure:7797: checking for ANSI C header files
configure:7817: /usr/bin/gcc -c -I /home/projects2/vgan_ancient/THIRD_VERSION/SAFARI/include   conftest.c >&5
configure:7817: $? = 0
configure:7890: /usr/bin/gcc -o conftest -I /home/projects2/vgan_ancient/THIRD_VERSION/SAFARI/include    conftest.c  >&5
configure:7890: $? = 0
configure:7890: ./conftest
configure:7890: $? = 0
configure:7901: result: yes
configure:7914: checking for sys/types.h
configure:7914: /usr/bin/gcc -c -I /home/projects2/vgan_ancient/THIRD_VERSION/SAFARI/include   conftest.c >&5
configure:7914: $? = 0
configure:7914: result: yes
configure:7914: checking for sys/stat.h
configure:7914: /usr/bin/gcc -c -I /home/projects2/vgan_ancient/THIRD_VERSION/SAFARI/include   conftest.c >&5
configure:7914: $? = 0
configure:7914: result: yes
configure:7914: checking for stdlib.h
configure:7914: /usr/bin/gcc -c -I /home/projects2/vgan_ancient/THIRD_VERSION/SAFARI/include   conftest.c >&5
configure:7914: $? = 0
configure:7914: result: yes
configure:7914: checking for string.h
configure:7914: /usr/bin/gcc -c -I /home/projects2/vgan_ancient/THIRD_VERSION/SAFARI/include   conftest.c >&5
configure:7914: $? = 0
configure:7914: result: yes
configure:7914: checking for memory.h
configure:7914: /usr/bin/gcc -c -I /home/projects2/vgan_ancient/THIRD_VERSION/SAFARI/include   conftest.c >&5
configure:7914: $? = 0
configure:7914: result: yes
configure:7914: checking for strings.h
configure:7914: /usr/bin/gcc -c -I /home/projects2/vgan_ancient/THIRD_VERSION/SAFARI/include   conftest.c >&5
configure:7914: $? = 0
configure:7914: result: yes
configure:7914: checking for inttypes.h
configure:7914: /usr/bin/gcc -c -I /home/projects2/vgan_ancient/THIRD_VERSION/SAFARI/include   conftest.c >&5
configure:7914: $? = 0
configure:7914: result: yes
configure:7914: checking for stdint.h
configure:7914: /usr/bin/gcc -c -I /home/projects2/vgan_ancient/THIRD_VERSION/SAFARI/include   conftest.c >&5
configure:7914: $? = 0
configure:7914: result: yes
configure:7914: checking for unistd.h
configure:7914: /usr/bin/gcc -c -I /home/projects2/vgan_ancient/THIRD_VERSION/SAFARI/include   conftest.c >&5
configure:7914: $? = 0
configure:7914: result: yes
configure:7928: checking for dlfcn.h
configure:7928: /usr/bin/gcc -c -I /home/projects2/vgan_ancient/THIRD_VERSION/SAFARI/include   conftest.c >&5
configure:7928: $? = 0
configure:7928: result: yes
configure:8184: checking for objdir
configure:8199: result: .libs
configure:8463: checking if /usr/bin/gcc supports -fno-rtti -fno-exceptions
configure:8481: /usr/bin/gcc -c -I /home/projects2/vgan_ancient/THIRD_VERSION/SAFARI/include   -fno-rtti -fno-exceptions conftest.c >&5
cc1: warning: command line option '-fno-rtti' is valid for C++/D/ObjC++ but not for C
configure:8485: $? = 0
configure:8498: result: no
configure:8862: checking for /usr/bin/gcc option to produce PIC
configure:8869: result: -fPIC -DPIC
configure:8877: checking if /usr/bin/gcc PIC flag -fPIC -DPIC works
configure:8895: /usr/bin/gcc -c -I /home/projects2/vgan_ancient/THIRD_VERSION/SAFARI/include   -fPIC -DPIC -DPIC conftest.c >&5
configure:8899: $? = 0
configure:8912: result: yes
configure:8941: checking if /usr/bin/gcc static flag -static works
configure:8969: result: yes
configure:8984: checking if /usr/bin/gcc supports -c -o file.o
configure:9005: /usr/bin/gcc -c -I /home/projects2/vgan_ancient/THIRD_VERSION/SAFARI/include   -o out/conftest2.o conftest.c >&5
configure:9009: $? = 0
configure:9031: result: yes
configure:9039: checking if /usr/bin/gcc supports -c -o file.o
configure:9086: result: yes
configure:9119: checking whether the /usr/bin/gcc linker (/usr/bin/ld -m elf_x86_64) supports shared libraries
configure:10382: result: yes
configure:10419: checking whether -lc should be explicitly linked in
configure:10427: /usr/bin/gcc -c -I /home/projects2/vgan_ancient/THIRD_VERSION/SAFARI/include   conftest.c >&5
configure:10430: $? = 0
configure:10445: /usr/bin/gcc -shared  -fPIC -DPIC conftest.o  -v -Wl,-soname -Wl,conftest -o conftest 2\>\&1 \| /usr/bin/grep  -lc  \>/dev/null 2\>\&1
configure:10448: $? = 0
configure:10462: result: no
configure:10622: checking dynamic linker characteristics
configure:11203: /usr/bin/gcc -o conftest -I /home/projects2/vgan_ancient/THIRD_VERSION/SAFARI/include    -Wl,-rpath -Wl,/foo conftest.c  >&5
configure:11203: $? = 0
configure:11452: result: GNU/Linux ld.so
configure:11574: checking how to hardcode library paths into programs
configure:11599: result: immediate
configure:12147: checking whether stripping libraries is possible
configure:12152: result: yes
configure:12187: checking if libtool supports shared libraries
configure:12189: result: yes
configure:12192: checking whether to build shared libraries
configure:12217: result: yes
configure:12220: checking whether to build static libraries
configure:12224: result: yes
configure:9150: checking for C++ compiler version
configure:9159: /usr/bin/g++ --version >&5
g++ (Ubuntu 9.4.0-1ubuntu1~20.04.2) 9.4.0
Copyright (C) 2019 Free Software Foundation, Inc.
This is free software; see the source for copying conditions.  There is NO
warranty; not even for MERCHANTABILITY or FITNESS FOR A PARTICULAR PURPOSE.

configure:9170: $? = 0
configure:9159: /usr/bin/g++ -v >&5
Using built-in specs.
COLLECT_GCC=/usr/bin/g++
COLLECT_LTO_WRAPPER=/usr/lib/gcc/x86_64-linux-gnu/9/lto-wrapper
OFFLOAD_TARGET_NAMES=nvptx-none:hsa
OFFLOAD_TARGET_DEFAULT=1
Target: x86_64-linux-gnu
Configured with: ../src/configure -v --with-pkgversion='Ubuntu 9.4.0-1ubuntu1~20.04.2' --with-bugurl=file:///usr/share/doc/gcc-9/README.Bugs --enable-languages=c,ada,c++,go,brig,d,fortran,objc,obj-c++,gm2 --prefix=/usr --with-gcc-major-version-only --program-suffix=-9 --program-prefix=x86_64-linux-gnu- --enable-shared --enable-linker-build-id --libexecdir=/usr/lib --without-included-gettext --enable-threads=posix --libdir=/usr/lib --enable-nls --enable-clocale=gnu --enable-libstdcxx-debug --enable-libstdcxx-time=yes --with-default-libstdcxx-abi=new --enable-gnu-unique-object --disable-vtable-verify --enable-plugin --enable-default-pie --with-system-zlib --with-target-system-zlib=auto --enable-objc-gc=auto --enable-multiarch --disable-werror --with-arch-32=i686 --with-abi=m64 --with-multilib-list=m32,m64,mx32 --enable-multilib --with-tune=generic --enable-offload-targets=nvptx-none=/build/gcc-9-9QDOt0/gcc-9-9.4.0/debian/tmp-nvptx/usr,hsa --without-cuda-driver --enable-checking=release --build=x86_64-linux-gnu --host=x86_64-linux-gnu --target=x86_64-linux-gnu
Thread model: posix
gcc version 9.4.0 (Ubuntu 9.4.0-1ubuntu1~20.04.2) 
configure:9170: $? = 0
configure:9159: /usr/bin/g++ -V >&5
g++: error: unrecognized command line option '-V'
g++: fatal error: no input files
compilation terminated.
configure:9170: $? = 1
configure:9159: /usr/bin/g++ -qversion >&5
g++: error: unrecognized command line option '-qversion'; did you mean '--version'?
g++: fatal error: no input files
compilation terminated.
configure:9170: $? = 1
configure:9174: checking whether we are using the GNU C++ compiler
configure:9193: /usr/bin/g++ -c -O3 -Werror=return-type -std=c++14 -ggdb -g -msse4.2  conftest.cpp >&5
configure:9193: $? = 0
configure:9202: result: yes
configure:9211: checking whether /usr/bin/g++ accepts -g
configure:9231: /usr/bin/g++ -c -g  conftest.cpp >&5
configure:9231: $? = 0
configure:9272: result: yes
configure:9297: checking dependency style of /usr/bin/g++
configure:9408: result: gcc3
configure:9441: checking how to run the C++ preprocessor
configure:9468: /usr/bin/g++ -E  conftest.cpp
configure:9468: $? = 0
configure:9482: /usr/bin/g++ -E  conftest.cpp
conftest.cpp:23:10: fatal error: ac_nonexistent.h: No such file or directory
   23 | #include <ac_nonexistent.h>
      |          ^~~~~~~~~~~~~~~~~~
compilation terminated.
configure:9482: $? = 1
configure: failed program was:
| /* confdefs.h */
| #define PACKAGE_NAME "snappy"
| #define PACKAGE_TARNAME "snappy"
| #define PACKAGE_VERSION "1.1.3"
| #define PACKAGE_STRING "snappy 1.1.3"
| #define PACKAGE_BUGREPORT ""
| #define PACKAGE_URL ""
| #define PACKAGE "snappy"
| #define VERSION "1.1.3"
| #define STDC_HEADERS 1
| #define HAVE_SYS_TYPES_H 1
| #define HAVE_SYS_STAT_H 1
| #define HAVE_STDLIB_H 1
| #define HAVE_STRING_H 1
| #define HAVE_MEMORY_H 1
| #define HAVE_STRINGS_H 1
| #define HAVE_INTTYPES_H 1
| #define HAVE_STDINT_H 1
| #define HAVE_UNISTD_H 1
| #define HAVE_DLFCN_H 1
| #define LT_OBJDIR ".libs/"
| /* end confdefs.h.  */
| #include <ac_nonexistent.h>
configure:9507: result: /usr/bin/g++ -E
configure:9527: /usr/bin/g++ -E  conftest.cpp
configure:9527: $? = 0
configure:9541: /usr/bin/g++ -E  conftest.cpp
conftest.cpp:23:10: fatal error: ac_nonexistent.h: No such file or directory
   23 | #include <ac_nonexistent.h>
      |          ^~~~~~~~~~~~~~~~~~
compilation terminated.
configure:9541: $? = 1
configure: failed program was:
| /* confdefs.h */
| #define PACKAGE_NAME "snappy"
| #define PACKAGE_TARNAME "snappy"
| #define PACKAGE_VERSION "1.1.3"
| #define PACKAGE_STRING "snappy 1.1.3"
| #define PACKAGE_BUGREPORT ""
| #define PACKAGE_URL ""
| #define PACKAGE "snappy"
| #define VERSION "1.1.3"
| #define STDC_HEADERS 1
| #define HAVE_SYS_TYPES_H 1
| #define HAVE_SYS_STAT_H 1
| #define HAVE_STDLIB_H 1
| #define HAVE_STRING_H 1
| #define HAVE_MEMORY_H 1
| #define HAVE_STRINGS_H 1
| #define HAVE_INTTYPES_H 1
| #define HAVE_STDINT_H 1
| #define HAVE_UNISTD_H 1
| #define HAVE_DLFCN_H 1
| #define LT_OBJDIR ".libs/"
| /* end confdefs.h.  */
| #include <ac_nonexistent.h>
configure:9703: checking for ld used by /usr/bin/g++
configure:9770: result: /usr/bin/ld -m elf_x86_64
configure:9777: checking if the linker (/usr/bin/ld -m elf_x86_64) is GNU ld
configure:9792: result: yes
configure:9847: checking whether the /usr/bin/g++ linker (/usr/bin/ld -m elf_x86_64) supports shared libraries
configure:10920: result: yes
configure:10956: /usr/bin/g++ -c -O3 -Werror=return-type -std=c++14 -ggdb -g -msse4.2  conftest.cpp >&5
configure:10959: $? = 0
configure:11440: checking for /usr/bin/g++ option to produce PIC
configure:11447: result: -fPIC -DPIC
configure:11455: checking if /usr/bin/g++ PIC flag -fPIC -DPIC works
configure:11473: /usr/bin/g++ -c -O3 -Werror=return-type -std=c++14 -ggdb -g -msse4.2  -fPIC -DPIC -DPIC conftest.cpp >&5
configure:11477: $? = 0
configure:11490: result: yes
configure:11513: checking if /usr/bin/g++ static flag -static works
configure:11541: result: yes
configure:11553: checking if /usr/bin/g++ supports -c -o file.o
configure:11574: /usr/bin/g++ -c -O3 -Werror=return-type -std=c++14 -ggdb -g -msse4.2  -o out/conftest2.o conftest.cpp >&5
configure:11578: $? = 0
configure:11600: result: yes
configure:11605: checking if /usr/bin/g++ supports -c -o file.o
configure:11652: result: yes
configure:11682: checking whether the /usr/bin/g++ linker (/usr/bin/ld -m elf_x86_64) supports shared libraries
configure:11725: result: yes
configure:11866: checking dynamic linker characteristics
configure:12623: result: GNU/Linux ld.so
configure:12688: checking how to hardcode library paths into programs
configure:12713: result: immediate
configure:11590: checking whether byte ordering is bigendian
configure:11605: /usr/bin/g++ -c -O3 -Werror=return-type -std=c++14 -ggdb -g -msse4.2  conftest.cpp >&5
conftest.cpp:24:9: error: expected unqualified-id before 'not' token
   24 |         not a universal capable compiler
      |         ^~~
configure:11605: $? = 1
configure: failed program was:
| /* confdefs.h */
| #define PACKAGE_NAME "snappy"
| #define PACKAGE_TARNAME "snappy"
| #define PACKAGE_VERSION "1.1.3"
| #define PACKAGE_STRING "snappy 1.1.3"
| #define PACKAGE_BUGREPORT ""
| #define PACKAGE_URL ""
| #define PACKAGE "snappy"
| #define VERSION "1.1.3"
| #define STDC_HEADERS 1
| #define HAVE_SYS_TYPES_H 1
| #define HAVE_SYS_STAT_H 1
| #define HAVE_STDLIB_H 1
| #define HAVE_STRING_H 1
| #define HAVE_MEMORY_H 1
| #define HAVE_STRINGS_H 1
| #define HAVE_INTTYPES_H 1
| #define HAVE_STDINT_H 1
| #define HAVE_UNISTD_H 1
| #define HAVE_DLFCN_H 1
| #define LT_OBJDIR ".libs/"
| /* end confdefs.h.  */
| #ifndef __APPLE_CC__
| 	       not a universal capable compiler
| 	     #endif
| 	     typedef int dummy;
| 
configure:11650: /usr/bin/g++ -c -O3 -Werror=return-type -std=c++14 -ggdb -g -msse4.2  conftest.cpp >&5
configure:11650: $? = 0
configure:11668: /usr/bin/g++ -c -O3 -Werror=return-type -std=c++14 -ggdb -g -msse4.2  conftest.cpp >&5
conftest.cpp: In function 'int main()':
conftest.cpp:30:8: error: 'big' was not declared in this scope
   30 |    not big endian
      |        ^~~
configure:11668: $? = 1
configure: failed program was:
| /* confdefs.h */
| #define PACKAGE_NAME "snappy"
| #define PACKAGE_TARNAME "snappy"
| #define PACKAGE_VERSION "1.1.3"
| #define PACKAGE_STRING "snappy 1.1.3"
| #define PACKAGE_BUGREPORT ""
| #define PACKAGE_URL ""
| #define PACKAGE "snappy"
| #define VERSION "1.1.3"
| #define STDC_HEADERS 1
| #define HAVE_SYS_TYPES_H 1
| #define HAVE_SYS_STAT_H 1
| #define HAVE_STDLIB_H 1
| #define HAVE_STRING_H 1
| #define HAVE_MEMORY_H 1
| #define HAVE_STRINGS_H 1
| #define HAVE_INTTYPES_H 1
| #define HAVE_STDINT_H 1
| #define HAVE_UNISTD_H 1
| #define HAVE_DLFCN_H 1
| #define LT_OBJDIR ".libs/"
| /* end confdefs.h.  */
| #include <sys/types.h>
| 		#include <sys/param.h>
| 
| int
| main ()
| {
| #if BYTE_ORDER != BIG_ENDIAN
| 		 not big endian
| 		#endif
| 
|   ;
|   return 0;
| }
configure:11796: result: no
configure:11814: checking for size_t
configure:11814: /usr/bin/g++ -c -O3 -Werror=return-type -std=c++14 -ggdb -g -msse4.2  conftest.cpp >&5
configure:11814: $? = 0
configure:11814: /usr/bin/g++ -c -O3 -Werror=return-type -std=c++14 -ggdb -g -msse4.2  conftest.cpp >&5
conftest.cpp: In function 'int main()':
conftest.cpp:59:20: error: expected primary-expression before ')' token
   59 | if (sizeof ((size_t)))
      |                    ^
configure:11814: $? = 1
configure: failed program was:
| /* confdefs.h */
| #define PACKAGE_NAME "snappy"
| #define PACKAGE_TARNAME "snappy"
| #define PACKAGE_VERSION "1.1.3"
| #define PACKAGE_STRING "snappy 1.1.3"
| #define PACKAGE_BUGREPORT ""
| #define PACKAGE_URL ""
| #define PACKAGE "snappy"
| #define VERSION "1.1.3"
| #define STDC_HEADERS 1
| #define HAVE_SYS_TYPES_H 1
| #define HAVE_SYS_STAT_H 1
| #define HAVE_STDLIB_H 1
| #define HAVE_STRING_H 1
| #define HAVE_MEMORY_H 1
| #define HAVE_STRINGS_H 1
| #define HAVE_INTTYPES_H 1
| #define HAVE_STDINT_H 1
| #define HAVE_UNISTD_H 1
| #define HAVE_DLFCN_H 1
| #define LT_OBJDIR ".libs/"
| /* end confdefs.h.  */
| #include <stdio.h>
| #ifdef HAVE_SYS_TYPES_H
| # include <sys/types.h>
| #endif
| #ifdef HAVE_SYS_STAT_H
| # include <sys/stat.h>
| #endif
| #ifdef STDC_HEADERS
| # include <stdlib.h>
| # include <stddef.h>
| #else
| # ifdef HAVE_STDLIB_H
| #  include <stdlib.h>
| # endif
| #endif
| #ifdef HAVE_STRING_H
| # if !defined STDC_HEADERS && defined HAVE_MEMORY_H
| #  include <memory.h>
| # endif
| # include <string.h>
| #endif
| #ifdef HAVE_STRINGS_H
| # include <strings.h>
| #endif
| #ifdef HAVE_INTTYPES_H
| # include <inttypes.h>
| #endif
| #ifdef HAVE_STDINT_H
| # include <stdint.h>
| #endif
| #ifdef HAVE_UNISTD_H
| # include <unistd.h>
| #endif
| int
| main ()
| {
| if (sizeof ((size_t)))
| 	    return 0;
|   ;
|   return 0;
| }
configure:11814: result: yes
configure:11825: checking for ssize_t
configure:11825: /usr/bin/g++ -c -O3 -Werror=return-type -std=c++14 -ggdb -g -msse4.2  conftest.cpp >&5
configure:11825: $? = 0
configure:11825: /usr/bin/g++ -c -O3 -Werror=return-type -std=c++14 -ggdb -g -msse4.2  conftest.cpp >&5
conftest.cpp: In function 'int main()':
conftest.cpp:59:21: error: expected primary-expression before ')' token
   59 | if (sizeof ((ssize_t)))
      |                     ^
configure:11825: $? = 1
configure: failed program was:
| /* confdefs.h */
| #define PACKAGE_NAME "snappy"
| #define PACKAGE_TARNAME "snappy"
| #define PACKAGE_VERSION "1.1.3"
| #define PACKAGE_STRING "snappy 1.1.3"
| #define PACKAGE_BUGREPORT ""
| #define PACKAGE_URL ""
| #define PACKAGE "snappy"
| #define VERSION "1.1.3"
| #define STDC_HEADERS 1
| #define HAVE_SYS_TYPES_H 1
| #define HAVE_SYS_STAT_H 1
| #define HAVE_STDLIB_H 1
| #define HAVE_STRING_H 1
| #define HAVE_MEMORY_H 1
| #define HAVE_STRINGS_H 1
| #define HAVE_INTTYPES_H 1
| #define HAVE_STDINT_H 1
| #define HAVE_UNISTD_H 1
| #define HAVE_DLFCN_H 1
| #define LT_OBJDIR ".libs/"
| /* end confdefs.h.  */
| #include <stdio.h>
| #ifdef HAVE_SYS_TYPES_H
| # include <sys/types.h>
| #endif
| #ifdef HAVE_SYS_STAT_H
| # include <sys/stat.h>
| #endif
| #ifdef STDC_HEADERS
| # include <stdlib.h>
| # include <stddef.h>
| #else
| # ifdef HAVE_STDLIB_H
| #  include <stdlib.h>
| # endif
| #endif
| #ifdef HAVE_STRING_H
| # if !defined STDC_HEADERS && defined HAVE_MEMORY_H
| #  include <memory.h>
| # endif
| # include <string.h>
| #endif
| #ifdef HAVE_STRINGS_H
| # include <strings.h>
| #endif
| #ifdef HAVE_INTTYPES_H
| # include <inttypes.h>
| #endif
| #ifdef HAVE_STDINT_H
| # include <stdint.h>
| #endif
| #ifdef HAVE_UNISTD_H
| # include <unistd.h>
| #endif
| int
| main ()
| {
| if (sizeof ((ssize_t)))
| 	    return 0;
|   ;
|   return 0;
| }
configure:11825: result: yes
configure:11840: checking for stdint.h
configure:11840: result: yes
configure:11840: checking stddef.h usability
configure:11840: /usr/bin/g++ -c -O3 -Werror=return-type -std=c++14 -ggdb -g -msse4.2  conftest.cpp >&5
configure:11840: $? = 0
configure:11840: result: yes
configure:11840: checking stddef.h presence
configure:11840: /usr/bin/g++ -E  conftest.cpp
configure:11840: $? = 0
configure:11840: result: yes
configure:11840: checking for stddef.h
configure:11840: result: yes
configure:11840: checking sys/mman.h usability
configure:11840: /usr/bin/g++ -c -O3 -Werror=return-type -std=c++14 -ggdb -g -msse4.2  conftest.cpp >&5
configure:11840: $? = 0
configure:11840: result: yes
configure:11840: checking sys/mman.h presence
configure:11840: /usr/bin/g++ -E  conftest.cpp
configure:11840: $? = 0
configure:11840: result: yes
configure:11840: checking for sys/mman.h
configure:11840: result: yes
configure:11840: checking sys/resource.h usability
configure:11840: /usr/bin/g++ -c -O3 -Werror=return-type -std=c++14 -ggdb -g -msse4.2  conftest.cpp >&5
configure:11840: $? = 0
configure:11840: result: yes
configure:11840: checking sys/resource.h presence
configure:11840: /usr/bin/g++ -E  conftest.cpp
configure:11840: $? = 0
configure:11840: result: yes
configure:11840: checking for sys/resource.h
configure:11840: result: yes
configure:11840: checking windows.h usability
configure:11840: /usr/bin/g++ -c -O3 -Werror=return-type -std=c++14 -ggdb -g -msse4.2  conftest.cpp >&5
conftest.cpp:60:10: fatal error: windows.h: No such file or directory
   60 | #include <windows.h>
      |          ^~~~~~~~~~~
compilation terminated.
configure:11840: $? = 1
configure: failed program was:
| /* confdefs.h */
| #define PACKAGE_NAME "snappy"
| #define PACKAGE_TARNAME "snappy"
| #define PACKAGE_VERSION "1.1.3"
| #define PACKAGE_STRING "snappy 1.1.3"
| #define PACKAGE_BUGREPORT ""
| #define PACKAGE_URL ""
| #define PACKAGE "snappy"
| #define VERSION "1.1.3"
| #define STDC_HEADERS 1
| #define HAVE_SYS_TYPES_H 1
| #define HAVE_SYS_STAT_H 1
| #define HAVE_STDLIB_H 1
| #define HAVE_STRING_H 1
| #define HAVE_MEMORY_H 1
| #define HAVE_STRINGS_H 1
| #define HAVE_INTTYPES_H 1
| #define HAVE_STDINT_H 1
| #define HAVE_UNISTD_H 1
| #define HAVE_DLFCN_H 1
| #define LT_OBJDIR ".libs/"
| #define HAVE_STDINT_H 1
| #define HAVE_STDDEF_H 1
| #define HAVE_SYS_MMAN_H 1
| #define HAVE_SYS_RESOURCE_H 1
| /* end confdefs.h.  */
| #include <stdio.h>
| #ifdef HAVE_SYS_TYPES_H
| # include <sys/types.h>
| #endif
| #ifdef HAVE_SYS_STAT_H
| # include <sys/stat.h>
| #endif
| #ifdef STDC_HEADERS
| # include <stdlib.h>
| # include <stddef.h>
| #else
| # ifdef HAVE_STDLIB_H
| #  include <stdlib.h>
| # endif
| #endif
| #ifdef HAVE_STRING_H
| # if !defined STDC_HEADERS && defined HAVE_MEMORY_H
| #  include <memory.h>
| # endif
| # include <string.h>
| #endif
| #ifdef HAVE_STRINGS_H
| # include <strings.h>
| #endif
| #ifdef HAVE_INTTYPES_H
| # include <inttypes.h>
| #endif
| #ifdef HAVE_STDINT_H
| # include <stdint.h>
| #endif
| #ifdef HAVE_UNISTD_H
| # include <unistd.h>
| #endif
| #include <windows.h>
configure:11840: result: no
configure:11840: checking windows.h presence
configure:11840: /usr/bin/g++ -E  conftest.cpp
conftest.cpp:27:10: fatal error: windows.h: No such file or directory
   27 | #include <windows.h>
      |          ^~~~~~~~~~~
compilation terminated.
configure:11840: $? = 1
configure: failed program was:
| /* confdefs.h */
| #define PACKAGE_NAME "snappy"
| #define PACKAGE_TARNAME "snappy"
| #define PACKAGE_VERSION "1.1.3"
| #define PACKAGE_STRING "snappy 1.1.3"
| #define PACKAGE_BUGREPORT ""
| #define PACKAGE_URL ""
| #define PACKAGE "snappy"
| #define VERSION "1.1.3"
| #define STDC_HEADERS 1
| #define HAVE_SYS_TYPES_H 1
| #define HAVE_SYS_STAT_H 1
| #define HAVE_STDLIB_H 1
| #define HAVE_STRING_H 1
| #define HAVE_MEMORY_H 1
| #define HAVE_STRINGS_H 1
| #define HAVE_INTTYPES_H 1
| #define HAVE_STDINT_H 1
| #define HAVE_UNISTD_H 1
| #define HAVE_DLFCN_H 1
| #define LT_OBJDIR ".libs/"
| #define HAVE_STDINT_H 1
| #define HAVE_STDDEF_H 1
| #define HAVE_SYS_MMAN_H 1
| #define HAVE_SYS_RESOURCE_H 1
| /* end confdefs.h.  */
| #include <windows.h>
configure:11840: result: no
configure:11840: checking for windows.h
configure:11840: result: no
configure:11840: checking byteswap.h usability
configure:11840: /usr/bin/g++ -c -O3 -Werror=return-type -std=c++14 -ggdb -g -msse4.2  conftest.cpp >&5
configure:11840: $? = 0
configure:11840: result: yes
configure:11840: checking byteswap.h presence
configure:11840: /usr/bin/g++ -E  conftest.cpp
configure:11840: $? = 0
configure:11840: result: yes
configure:11840: checking for byteswap.h
configure:11840: result: yes
configure:11840: checking sys/byteswap.h usability
configure:11840: /usr/bin/g++ -c -O3 -Werror=return-type -std=c++14 -ggdb -g -msse4.2  conftest.cpp >&5
conftest.cpp:61:10: fatal error: sys/byteswap.h: No such file or directory
   61 | #include <sys/byteswap.h>
      |          ^~~~~~~~~~~~~~~~
compilation terminated.
configure:11840: $? = 1
configure: failed program was:
| /* confdefs.h */
| #define PACKAGE_NAME "snappy"
| #define PACKAGE_TARNAME "snappy"
| #define PACKAGE_VERSION "1.1.3"
| #define PACKAGE_STRING "snappy 1.1.3"
| #define PACKAGE_BUGREPORT ""
| #define PACKAGE_URL ""
| #define PACKAGE "snappy"
| #define VERSION "1.1.3"
| #define STDC_HEADERS 1
| #define HAVE_SYS_TYPES_H 1
| #define HAVE_SYS_STAT_H 1
| #define HAVE_STDLIB_H 1
| #define HAVE_STRING_H 1
| #define HAVE_MEMORY_H 1
| #define HAVE_STRINGS_H 1
| #define HAVE_INTTYPES_H 1
| #define HAVE_STDINT_H 1
| #define HAVE_UNISTD_H 1
| #define HAVE_DLFCN_H 1
| #define LT_OBJDIR ".libs/"
| #define HAVE_STDINT_H 1
| #define HAVE_STDDEF_H 1
| #define HAVE_SYS_MMAN_H 1
| #define HAVE_SYS_RESOURCE_H 1
| #define HAVE_BYTESWAP_H 1
| /* end confdefs.h.  */
| #include <stdio.h>
| #ifdef HAVE_SYS_TYPES_H
| # include <sys/types.h>
| #endif
| #ifdef HAVE_SYS_STAT_H
| # include <sys/stat.h>
| #endif
| #ifdef STDC_HEADERS
| # include <stdlib.h>
| # include <stddef.h>
| #else
| # ifdef HAVE_STDLIB_H
| #  include <stdlib.h>
| # endif
| #endif
| #ifdef HAVE_STRING_H
| # if !defined STDC_HEADERS && defined HAVE_MEMORY_H
| #  include <memory.h>
| # endif
| # include <string.h>
| #endif
| #ifdef HAVE_STRINGS_H
| # include <strings.h>
| #endif
| #ifdef HAVE_INTTYPES_H
| # include <inttypes.h>
| #endif
| #ifdef HAVE_STDINT_H
| # include <stdint.h>
| #endif
| #ifdef HAVE_UNISTD_H
| # include <unistd.h>
| #endif
| #include <sys/byteswap.h>
configure:11840: result: no
configure:11840: checking sys/byteswap.h presence
configure:11840: /usr/bin/g++ -E  conftest.cpp
conftest.cpp:28:10: fatal error: sys/byteswap.h: No such file or directory
   28 | #include <sys/byteswap.h>
      |          ^~~~~~~~~~~~~~~~
compilation terminated.
configure:11840: $? = 1
configure: failed program was:
| /* confdefs.h */
| #define PACKAGE_NAME "snappy"
| #define PACKAGE_TARNAME "snappy"
| #define PACKAGE_VERSION "1.1.3"
| #define PACKAGE_STRING "snappy 1.1.3"
| #define PACKAGE_BUGREPORT ""
| #define PACKAGE_URL ""
| #define PACKAGE "snappy"
| #define VERSION "1.1.3"
| #define STDC_HEADERS 1
| #define HAVE_SYS_TYPES_H 1
| #define HAVE_SYS_STAT_H 1
| #define HAVE_STDLIB_H 1
| #define HAVE_STRING_H 1
| #define HAVE_MEMORY_H 1
| #define HAVE_STRINGS_H 1
| #define HAVE_INTTYPES_H 1
| #define HAVE_STDINT_H 1
| #define HAVE_UNISTD_H 1
| #define HAVE_DLFCN_H 1
| #define LT_OBJDIR ".libs/"
| #define HAVE_STDINT_H 1
| #define HAVE_STDDEF_H 1
| #define HAVE_SYS_MMAN_H 1
| #define HAVE_SYS_RESOURCE_H 1
| #define HAVE_BYTESWAP_H 1
| /* end confdefs.h.  */
| #include <sys/byteswap.h>
configure:11840: result: no
configure:11840: checking for sys/byteswap.h
configure:11840: result: no
configure:11840: checking sys/endian.h usability
configure:11840: /usr/bin/g++ -c -O3 -Werror=return-type -std=c++14 -ggdb -g -msse4.2  conftest.cpp >&5
conftest.cpp:61:10: fatal error: sys/endian.h: No such file or directory
   61 | #include <sys/endian.h>
      |          ^~~~~~~~~~~~~~
compilation terminated.
configure:11840: $? = 1
configure: failed program was:
| /* confdefs.h */
| #define PACKAGE_NAME "snappy"
| #define PACKAGE_TARNAME "snappy"
| #define PACKAGE_VERSION "1.1.3"
| #define PACKAGE_STRING "snappy 1.1.3"
| #define PACKAGE_BUGREPORT ""
| #define PACKAGE_URL ""
| #define PACKAGE "snappy"
| #define VERSION "1.1.3"
| #define STDC_HEADERS 1
| #define HAVE_SYS_TYPES_H 1
| #define HAVE_SYS_STAT_H 1
| #define HAVE_STDLIB_H 1
| #define HAVE_STRING_H 1
| #define HAVE_MEMORY_H 1
| #define HAVE_STRINGS_H 1
| #define HAVE_INTTYPES_H 1
| #define HAVE_STDINT_H 1
| #define HAVE_UNISTD_H 1
| #define HAVE_DLFCN_H 1
| #define LT_OBJDIR ".libs/"
| #define HAVE_STDINT_H 1
| #define HAVE_STDDEF_H 1
| #define HAVE_SYS_MMAN_H 1
| #define HAVE_SYS_RESOURCE_H 1
| #define HAVE_BYTESWAP_H 1
| /* end confdefs.h.  */
| #include <stdio.h>
| #ifdef HAVE_SYS_TYPES_H
| # include <sys/types.h>
| #endif
| #ifdef HAVE_SYS_STAT_H
| # include <sys/stat.h>
| #endif
| #ifdef STDC_HEADERS
| # include <stdlib.h>
| # include <stddef.h>
| #else
| # ifdef HAVE_STDLIB_H
| #  include <stdlib.h>
| # endif
| #endif
| #ifdef HAVE_STRING_H
| # if !defined STDC_HEADERS && defined HAVE_MEMORY_H
| #  include <memory.h>
| # endif
| # include <string.h>
| #endif
| #ifdef HAVE_STRINGS_H
| # include <strings.h>
| #endif
| #ifdef HAVE_INTTYPES_H
| # include <inttypes.h>
| #endif
| #ifdef HAVE_STDINT_H
| # include <stdint.h>
| #endif
| #ifdef HAVE_UNISTD_H
| # include <unistd.h>
| #endif
| #include <sys/endian.h>
configure:11840: result: no
configure:11840: checking sys/endian.h presence
configure:11840: /usr/bin/g++ -E  conftest.cpp
conftest.cpp:28:10: fatal error: sys/endian.h: No such file or directory
   28 | #include <sys/endian.h>
      |          ^~~~~~~~~~~~~~
compilation terminated.
configure:11840: $? = 1
configure: failed program was:
| /* confdefs.h */
| #define PACKAGE_NAME "snappy"
| #define PACKAGE_TARNAME "snappy"
| #define PACKAGE_VERSION "1.1.3"
| #define PACKAGE_STRING "snappy 1.1.3"
| #define PACKAGE_BUGREPORT ""
| #define PACKAGE_URL ""
| #define PACKAGE "snappy"
| #define VERSION "1.1.3"
| #define STDC_HEADERS 1
| #define HAVE_SYS_TYPES_H 1
| #define HAVE_SYS_STAT_H 1
| #define HAVE_STDLIB_H 1
| #define HAVE_STRING_H 1
| #define HAVE_MEMORY_H 1
| #define HAVE_STRINGS_H 1
| #define HAVE_INTTYPES_H 1
| #define HAVE_STDINT_H 1
| #define HAVE_UNISTD_H 1
| #define HAVE_DLFCN_H 1
| #define LT_OBJDIR ".libs/"
| #define HAVE_STDINT_H 1
| #define HAVE_STDDEF_H 1
| #define HAVE_SYS_MMAN_H 1
| #define HAVE_SYS_RESOURCE_H 1
| #define HAVE_BYTESWAP_H 1
| /* end confdefs.h.  */
| #include <sys/endian.h>
configure:11840: result: no
configure:11840: checking for sys/endian.h
configure:11840: result: no
configure:11840: checking sys/time.h usability
configure:11840: /usr/bin/g++ -c -O3 -Werror=return-type -std=c++14 -ggdb -g -msse4.2  conftest.cpp >&5
configure:11840: $? = 0
configure:11840: result: yes
configure:11840: checking sys/time.h presence
configure:11840: /usr/bin/g++ -E  conftest.cpp
configure:11840: $? = 0
configure:11840: result: yes
configure:11840: checking for sys/time.h
configure:11840: result: yes
configure:11853: checking for mmap
configure:11853: /usr/bin/g++ -o conftest -O3 -Werror=return-type -std=c++14 -ggdb -g -msse4.2   conftest.cpp  >&5
configure:11853: $? = 0
configure:11853: result: yes
configure:11875: checking for 'gtest-config'
configure:11896: checking for gtest-config
configure:11929: result: no
configure:11950: result: no
configure:12049: checking for pkg-config
configure:12067: found /usr/bin/pkg-config
configure:12079: result: /usr/bin/pkg-config
configure:12104: checking pkg-config is at least version 0.9.0
configure:12107: result: yes
configure:12117: checking for gflags
configure:12124: $PKG_CONFIG --exists --print-errors "libgflags"
Package libgflags was not found in the pkg-config search path.
Perhaps you should add the directory containing `libgflags.pc'
to the PKG_CONFIG_PATH environment variable
No package 'libgflags' found
configure:12127: $? = 1
configure:12141: $PKG_CONFIG --exists --print-errors "libgflags"
Package libgflags was not found in the pkg-config search path.
Perhaps you should add the directory containing `libgflags.pc'
to the PKG_CONFIG_PATH environment variable
No package 'libgflags' found
configure:12144: $? = 1
configure:12158: result: no
No package 'libgflags' found
configure:12202: checking if the compiler supports __builtin_expect
configure:12218: /usr/bin/g++ -c -O3 -Werror=return-type -std=c++14 -ggdb -g -msse4.2  conftest.cpp >&5
configure:12218: $? = 0
configure:12221: result: yes
configure:12240: checking if the compiler supports __builtin_ctzll
configure:12256: /usr/bin/g++ -c -O3 -Werror=return-type -std=c++14 -ggdb -g -msse4.2  conftest.cpp >&5
configure:12256: $? = 0
configure:12259: result: yes
configure:12282: checking for zlibVersion in -lz
configure:12307: /usr/bin/g++ -o conftest -O3 -Werror=return-type -std=c++14 -ggdb -g -msse4.2   conftest.cpp -lz   >&5
configure:12307: $? = 0
configure:12316: result: yes
configure:12334: checking for lzo1x_1_15_compress in -llzo2
configure:12359: /usr/bin/g++ -o conftest -O3 -Werror=return-type -std=c++14 -ggdb -g -msse4.2   conftest.cpp -llzo2   >&5
/usr/bin/ld: cannot find -llzo2
collect2: error: ld returned 1 exit status
configure:12359: $? = 1
configure: failed program was:
| /* confdefs.h */
| #define PACKAGE_NAME "snappy"
| #define PACKAGE_TARNAME "snappy"
| #define PACKAGE_VERSION "1.1.3"
| #define PACKAGE_STRING "snappy 1.1.3"
| #define PACKAGE_BUGREPORT ""
| #define PACKAGE_URL ""
| #define PACKAGE "snappy"
| #define VERSION "1.1.3"
| #define STDC_HEADERS 1
| #define HAVE_SYS_TYPES_H 1
| #define HAVE_SYS_STAT_H 1
| #define HAVE_STDLIB_H 1
| #define HAVE_STRING_H 1
| #define HAVE_MEMORY_H 1
| #define HAVE_STRINGS_H 1
| #define HAVE_INTTYPES_H 1
| #define HAVE_STDINT_H 1
| #define HAVE_UNISTD_H 1
| #define HAVE_DLFCN_H 1
| #define LT_OBJDIR ".libs/"
| #define HAVE_STDINT_H 1
| #define HAVE_STDDEF_H 1
| #define HAVE_SYS_MMAN_H 1
| #define HAVE_SYS_RESOURCE_H 1
| #define HAVE_BYTESWAP_H 1
| #define HAVE_SYS_TIME_H 1
| #define HAVE_BUILTIN_EXPECT 1
| #define HAVE_BUILTIN_CTZ 1
| #define HAVE_LIBZ 1
| /* end confdefs.h.  */
| 
| /* Override any GCC internal prototype to avoid an error.
|    Use char because int might match the return type of a GCC
|    builtin and then its argument prototype would still apply.  */
| #ifdef __cplusplus
| extern "C"
| #endif
| char lzo1x_1_15_compress ();
| int
| main ()
| {
| return lzo1x_1_15_compress ();
|   ;
|   return 0;
| }
configure:12368: result: no
configure:12386: checking for lzf_compress in -llzf
configure:12411: /usr/bin/g++ -o conftest -O3 -Werror=return-type -std=c++14 -ggdb -g -msse4.2   conftest.cpp -llzf   >&5
/usr/bin/ld: cannot find -llzf
collect2: error: ld returned 1 exit status
configure:12411: $? = 1
configure: failed program was:
| /* confdefs.h */
| #define PACKAGE_NAME "snappy"
| #define PACKAGE_TARNAME "snappy"
| #define PACKAGE_VERSION "1.1.3"
| #define PACKAGE_STRING "snappy 1.1.3"
| #define PACKAGE_BUGREPORT ""
| #define PACKAGE_URL ""
| #define PACKAGE "snappy"
| #define VERSION "1.1.3"
| #define STDC_HEADERS 1
| #define HAVE_SYS_TYPES_H 1
| #define HAVE_SYS_STAT_H 1
| #define HAVE_STDLIB_H 1
| #define HAVE_STRING_H 1
| #define HAVE_MEMORY_H 1
| #define HAVE_STRINGS_H 1
| #define HAVE_INTTYPES_H 1
| #define HAVE_STDINT_H 1
| #define HAVE_UNISTD_H 1
| #define HAVE_DLFCN_H 1
| #define LT_OBJDIR ".libs/"
| #define HAVE_STDINT_H 1
| #define HAVE_STDDEF_H 1
| #define HAVE_SYS_MMAN_H 1
| #define HAVE_SYS_RESOURCE_H 1
| #define HAVE_BYTESWAP_H 1
| #define HAVE_SYS_TIME_H 1
| #define HAVE_BUILTIN_EXPECT 1
| #define HAVE_BUILTIN_CTZ 1
| #define HAVE_LIBZ 1
| /* end confdefs.h.  */
| 
| /* Override any GCC internal prototype to avoid an error.
|    Use char because int might match the return type of a GCC
|    builtin and then its argument prototype would still apply.  */
| #ifdef __cplusplus
| extern "C"
| #endif
| char lzf_compress ();
| int
| main ()
| {
| return lzf_compress ();
|   ;
|   return 0;
| }
configure:12420: result: no
configure:12438: checking for fastlz_compress in -lfastlz
configure:12463: /usr/bin/g++ -o conftest -O3 -Werror=return-type -std=c++14 -ggdb -g -msse4.2   conftest.cpp -lfastlz   >&5
/usr/bin/ld: cannot find -lfastlz
collect2: error: ld returned 1 exit status
configure:12463: $? = 1
configure: failed program was:
| /* confdefs.h */
| #define PACKAGE_NAME "snappy"
| #define PACKAGE_TARNAME "snappy"
| #define PACKAGE_VERSION "1.1.3"
| #define PACKAGE_STRING "snappy 1.1.3"
| #define PACKAGE_BUGREPORT ""
| #define PACKAGE_URL ""
| #define PACKAGE "snappy"
| #define VERSION "1.1.3"
| #define STDC_HEADERS 1
| #define HAVE_SYS_TYPES_H 1
| #define HAVE_SYS_STAT_H 1
| #define HAVE_STDLIB_H 1
| #define HAVE_STRING_H 1
| #define HAVE_MEMORY_H 1
| #define HAVE_STRINGS_H 1
| #define HAVE_INTTYPES_H 1
| #define HAVE_STDINT_H 1
| #define HAVE_UNISTD_H 1
| #define HAVE_DLFCN_H 1
| #define LT_OBJDIR ".libs/"
| #define HAVE_STDINT_H 1
| #define HAVE_STDDEF_H 1
| #define HAVE_SYS_MMAN_H 1
| #define HAVE_SYS_RESOURCE_H 1
| #define HAVE_BYTESWAP_H 1
| #define HAVE_SYS_TIME_H 1
| #define HAVE_BUILTIN_EXPECT 1
| #define HAVE_BUILTIN_CTZ 1
| #define HAVE_LIBZ 1
| /* end confdefs.h.  */
| 
| /* Override any GCC internal prototype to avoid an error.
|    Use char because int might match the return type of a GCC
|    builtin and then its argument prototype would still apply.  */
| #ifdef __cplusplus
| extern "C"
| #endif
| char fastlz_compress ();
| int
| main ()
| {
| return fastlz_compress ();
|   ;
|   return 0;
| }
configure:12472: result: no
configure:12490: checking for qlz_compress in -lquicklz
configure:12515: /usr/bin/g++ -o conftest -O3 -Werror=return-type -std=c++14 -ggdb -g -msse4.2   conftest.cpp -lquicklz   >&5
/usr/bin/ld: cannot find -lquicklz
collect2: error: ld returned 1 exit status
configure:12515: $? = 1
configure: failed program was:
| /* confdefs.h */
| #define PACKAGE_NAME "snappy"
| #define PACKAGE_TARNAME "snappy"
| #define PACKAGE_VERSION "1.1.3"
| #define PACKAGE_STRING "snappy 1.1.3"
| #define PACKAGE_BUGREPORT ""
| #define PACKAGE_URL ""
| #define PACKAGE "snappy"
| #define VERSION "1.1.3"
| #define STDC_HEADERS 1
| #define HAVE_SYS_TYPES_H 1
| #define HAVE_SYS_STAT_H 1
| #define HAVE_STDLIB_H 1
| #define HAVE_STRING_H 1
| #define HAVE_MEMORY_H 1
| #define HAVE_STRINGS_H 1
| #define HAVE_INTTYPES_H 1
| #define HAVE_STDINT_H 1
| #define HAVE_UNISTD_H 1
| #define HAVE_DLFCN_H 1
| #define LT_OBJDIR ".libs/"
| #define HAVE_STDINT_H 1
| #define HAVE_STDDEF_H 1
| #define HAVE_SYS_MMAN_H 1
| #define HAVE_SYS_RESOURCE_H 1
| #define HAVE_BYTESWAP_H 1
| #define HAVE_SYS_TIME_H 1
| #define HAVE_BUILTIN_EXPECT 1
| #define HAVE_BUILTIN_CTZ 1
| #define HAVE_LIBZ 1
| /* end confdefs.h.  */
| 
| /* Override any GCC internal prototype to avoid an error.
|    Use char because int might match the return type of a GCC
|    builtin and then its argument prototype would still apply.  */
| #ifdef __cplusplus
| extern "C"
| #endif
| char qlz_compress ();
| int
| main ()
| {
| return qlz_compress ();
|   ;
|   return 0;
| }
configure:12524: result: no
configure:12681: checking that generated files are newer than configure
configure:12687: result: done
configure:12719: creating ./config.status

## ---------------------- ##
## Running config.status. ##
## ---------------------- ##

This file was extended by snappy config.status 1.1.3, which was
generated by GNU Autoconf 2.69.  Invocation command line was

  CONFIG_FILES    = 
  CONFIG_HEADERS  = 
  CONFIG_LINKS    = 
  CONFIG_COMMANDS = 
  $ ./config.status 

on node07

config.status:1176: creating Makefile
config.status:1176: creating snappy-stubs-public.h
config.status:1176: creating config.h
config.status:1357: config.h is unchanged
config.status:1405: executing depfiles commands
config.status:1482: cd .       && sed -e '/# am--include-marker/d' Makefile         | make -f - am--depfiles
make[1]: Entering directory '/net/mimer/mnt/tank/projects2/vgan_ancient/THIRD_VERSION/SAFARI/deps/snappy'
make[1]: Nothing to be done for 'am--depfiles'.
make[1]: Leaving directory '/net/mimer/mnt/tank/projects2/vgan_ancient/THIRD_VERSION/SAFARI/deps/snappy'
config.status:1487: $? = 0
config.status:1405: executing libtool commands

## ---------------- ##
## Cache variables. ##
## ---------------- ##

ac_cv_build=x86_64-pc-linux-gnu
ac_cv_c_bigendian=no
ac_cv_c_compiler_gnu=yes
ac_cv_cxx_compiler_gnu=yes
ac_cv_env_CCC_set=
ac_cv_env_CCC_value=
ac_cv_env_CC_set=set
ac_cv_env_CC_value=/usr/bin/gcc
ac_cv_env_CFLAGS_set=set
ac_cv_env_CFLAGS_value='-I /home/projects2/vgan_ancient/THIRD_VERSION/SAFARI/include '
ac_cv_env_CPPFLAGS_set=
ac_cv_env_CPPFLAGS_value=
ac_cv_env_CPP_set=
ac_cv_env_CPP_value=
ac_cv_env_CXXCPP_set=
ac_cv_env_CXXCPP_value=
ac_cv_env_CXXFLAGS_set=set
ac_cv_env_CXXFLAGS_value='-O3 -Werror=return-type -std=c++14 -ggdb -g -msse4.2'
ac_cv_env_CXX_set=set
ac_cv_env_CXX_value=/usr/bin/g++
ac_cv_env_GTEST_CONFIG_set=
ac_cv_env_GTEST_CONFIG_value=
ac_cv_env_GTEST_CPPFLAGS_set=
ac_cv_env_GTEST_CPPFLAGS_value=
ac_cv_env_GTEST_CXXFLAGS_set=
ac_cv_env_GTEST_CXXFLAGS_value=
ac_cv_env_GTEST_LDFLAGS_set=
ac_cv_env_GTEST_LDFLAGS_value=
ac_cv_env_GTEST_LIBS_set=
ac_cv_env_GTEST_LIBS_value=
ac_cv_env_GTEST_VERSION_set=
ac_cv_env_GTEST_VERSION_value=
ac_cv_env_LDFLAGS_set=set
ac_cv_env_LDFLAGS_value=
ac_cv_env_LIBS_set=
ac_cv_env_LIBS_value=
ac_cv_env_LT_SYS_LIBRARY_PATH_set=
ac_cv_env_LT_SYS_LIBRARY_PATH_value=
ac_cv_env_PKG_CONFIG_LIBDIR_set=
ac_cv_env_PKG_CONFIG_LIBDIR_value=
ac_cv_env_PKG_CONFIG_PATH_set=
ac_cv_env_PKG_CONFIG_PATH_value=
ac_cv_env_PKG_CONFIG_set=
ac_cv_env_PKG_CONFIG_value=
ac_cv_env_build_alias_set=
ac_cv_env_build_alias_value=
ac_cv_env_gflags_CFLAGS_set=
ac_cv_env_gflags_CFLAGS_value=
ac_cv_env_gflags_LIBS_set=
ac_cv_env_gflags_LIBS_value=
ac_cv_env_host_alias_set=
ac_cv_env_host_alias_value=
ac_cv_env_target_alias_set=
ac_cv_env_target_alias_value=
ac_cv_func_mmap=yes
ac_cv_have_stddef_h=1
ac_cv_have_stdint_h=1
ac_cv_have_sys_uio_h=0
ac_cv_header_byteswap_h=yes
ac_cv_header_dlfcn_h=yes
ac_cv_header_inttypes_h=yes
ac_cv_header_memory_h=yes
ac_cv_header_stdc=yes
ac_cv_header_stddef_h=yes
ac_cv_header_stdint_h=yes
ac_cv_header_stdlib_h=yes
ac_cv_header_string_h=yes
ac_cv_header_strings_h=yes
ac_cv_header_sys_byteswap_h=no
ac_cv_header_sys_endian_h=no
ac_cv_header_sys_mman_h=yes
ac_cv_header_sys_resource_h=yes
ac_cv_header_sys_stat_h=yes
ac_cv_header_sys_time_h=yes
ac_cv_header_sys_types_h=yes
ac_cv_header_unistd_h=yes
ac_cv_header_windows_h=no
ac_cv_host=x86_64-pc-linux-gnu
ac_cv_lib_fastlz_fastlz_compress=no
ac_cv_lib_lzf_lzf_compress=no
ac_cv_lib_lzo2_lzo1x_1_15_compress=no
ac_cv_lib_quicklz_qlz_compress=no
ac_cv_lib_z_zlibVersion=yes
ac_cv_objext=o
ac_cv_path_EGREP='/usr/bin/grep -E'
ac_cv_path_FGREP='/usr/bin/grep -F'
ac_cv_path_GREP=/usr/bin/grep
ac_cv_path_SED=/usr/bin/sed
ac_cv_path_ac_pt_PKG_CONFIG=/usr/bin/pkg-config
ac_cv_path_install='/usr/bin/install -c'
ac_cv_path_lt_DD=/usr/bin/dd
ac_cv_path_mkdir=/usr/bin/mkdir
ac_cv_prog_AWK=gawk
ac_cv_prog_CPP='/usr/bin/gcc -E'
ac_cv_prog_CXXCPP='/usr/bin/g++ -E'
ac_cv_prog_ac_ct_AR=ar
ac_cv_prog_ac_ct_CC=/usr/bin/gcc
ac_cv_prog_ac_ct_MANIFEST_TOOL=mt
ac_cv_prog_ac_ct_OBJDUMP=objdump
ac_cv_prog_ac_ct_RANLIB=ranlib
ac_cv_prog_ac_ct_STRIP=strip
ac_cv_prog_cc_c89=
ac_cv_prog_cc_g=yes
ac_cv_prog_cxx_g=yes
ac_cv_prog_make_make_set=yes
ac_cv_type_size_t=yes
ac_cv_type_ssize_t=yes
am_cv_CC_dependencies_compiler_type=gcc3
am_cv_CXX_dependencies_compiler_type=gcc3
am_cv_make_support_nested_variables=yes
am_cv_prog_cc_c_o=yes
lt_cv_ar_at_file=@
lt_cv_archive_cmds_need_lc=no
lt_cv_deplibs_check_method=pass_all
lt_cv_file_magic_cmd='$MAGIC_CMD'
lt_cv_file_magic_test_file=
lt_cv_ld_reload_flag=-r
lt_cv_nm_interface='BSD nm'
lt_cv_objdir=.libs
lt_cv_path_LD=/usr/bin/ld
lt_cv_path_LDCXX='/usr/bin/ld -m elf_x86_64'
lt_cv_path_NM='/usr/bin/nm -B'
lt_cv_path_mainfest_tool=no
lt_cv_prog_compiler_c_o=yes
lt_cv_prog_compiler_c_o_CXX=yes
lt_cv_prog_compiler_pic='-fPIC -DPIC'
lt_cv_prog_compiler_pic_CXX='-fPIC -DPIC'
lt_cv_prog_compiler_pic_works=yes
lt_cv_prog_compiler_pic_works_CXX=yes
lt_cv_prog_compiler_rtti_exceptions=no
lt_cv_prog_compiler_static_works=yes
lt_cv_prog_compiler_static_works_CXX=yes
lt_cv_prog_gnu_ld=yes
lt_cv_prog_gnu_ldcxx=yes
lt_cv_sharedlib_from_linklib_cmd='printf %s\n'
lt_cv_shlibpath_overrides_runpath=yes
lt_cv_sys_global_symbol_pipe='sed -n -e '\''s/^.*[	 ]\([ABCDGIRSTW][ABCDGIRSTW]*\)[	 ][	 ]*\([_A-Za-z][_A-Za-z0-9]*\)$/\1 \2 \2/p'\'' | sed '\''/ __gnu_lto/d'\'''
lt_cv_sys_global_symbol_to_c_name_address='sed -n -e '\''s/^: \(.*\) .*$/  {"\1", (void *) 0},/p'\'' -e '\''s/^[ABCDGIRSTW][ABCDGIRSTW]* .* \(.*\)$/  {"\1", (void *) \&\1},/p'\'''
lt_cv_sys_global_symbol_to_c_name_address_lib_prefix='sed -n -e '\''s/^: \(.*\) .*$/  {"\1", (void *) 0},/p'\'' -e '\''s/^[ABCDGIRSTW][ABCDGIRSTW]* .* \(lib.*\)$/  {"\1", (void *) \&\1},/p'\'' -e '\''s/^[ABCDGIRSTW][ABCDGIRSTW]* .* \(.*\)$/  {"lib\1", (void *) \&\1},/p'\'''
lt_cv_sys_global_symbol_to_cdecl='sed -n -e '\''s/^T .* \(.*\)$/extern int \1();/p'\'' -e '\''s/^[ABCDGIRSTW][ABCDGIRSTW]* .* \(.*\)$/extern char \1;/p'\'''
lt_cv_sys_global_symbol_to_import=
lt_cv_sys_max_cmd_len=1572864
lt_cv_to_host_file_cmd=func_convert_file_noop
lt_cv_to_tool_file_cmd=func_convert_file_noop
lt_cv_truncate_bin='/usr/bin/dd bs=4096 count=1'

## ----------------- ##
## Output variables. ##
## ----------------- ##

ACLOCAL='${SHELL} /home/projects2/vgan_ancient/THIRD_VERSION/SAFARI/deps/snappy/missing aclocal-1.16'
AMDEPBACKSLASH='\'
AMDEP_FALSE='#'
AMDEP_TRUE=''
AMTAR='$${TAR-tar}'
AM_BACKSLASH='\'
AM_DEFAULT_V='$(AM_DEFAULT_VERBOSITY)'
AM_DEFAULT_VERBOSITY='1'
AM_V='$(V)'
AR='ar'
AUTOCONF='${SHELL} /home/projects2/vgan_ancient/THIRD_VERSION/SAFARI/deps/snappy/missing autoconf'
AUTOHEADER='${SHELL} /home/projects2/vgan_ancient/THIRD_VERSION/SAFARI/deps/snappy/missing autoheader'
AUTOMAKE='${SHELL} /home/projects2/vgan_ancient/THIRD_VERSION/SAFARI/deps/snappy/missing automake-1.16'
AWK='gawk'
CC='/usr/bin/gcc'
CCDEPMODE='depmode=gcc3'
CFLAGS='-I /home/projects2/vgan_ancient/THIRD_VERSION/SAFARI/include '
CPP='/usr/bin/gcc -E'
CPPFLAGS=''
CXX='/usr/bin/g++'
CXXCPP='/usr/bin/g++ -E'
CXXDEPMODE='depmode=gcc3'
CXXFLAGS='-O3 -Werror=return-type -std=c++14 -ggdb -g -msse4.2'
CYGPATH_W='echo'
DEFS='-DHAVE_CONFIG_H'
DEPDIR='.deps'
DLLTOOL='false'
DSYMUTIL=''
DUMPBIN=''
ECHO_C=''
ECHO_N='-n'
ECHO_T=''
EGREP='/usr/bin/grep -E'
EXEEXT=''
FGREP='/usr/bin/grep -F'
GREP='/usr/bin/grep'
GTEST_CONFIG=''
GTEST_CPPFLAGS=''
GTEST_CXXFLAGS=''
GTEST_LDFLAGS=''
GTEST_LIBS=''
GTEST_VERSION=''
HAVE_GTEST='no'
HAVE_GTEST_FALSE=''
HAVE_GTEST_TRUE='#'
INSTALL_DATA='${INSTALL} -m 644'
INSTALL_PROGRAM='${INSTALL}'
INSTALL_SCRIPT='${INSTALL}'
INSTALL_STRIP_PROGRAM='$(install_sh) -c -s'
LD='/usr/bin/ld -m elf_x86_64'
LDFLAGS=''
LIBOBJS=''
LIBS=''
LIBTOOL='$(SHELL) $(top_builddir)/libtool'
LIBTOOL_DEPS='./ltmain.sh'
LIPO=''
LN_S='ln -s'
LTLIBOBJS=''
LT_SYS_LIBRARY_PATH=''
MAKEINFO='${SHELL} /home/projects2/vgan_ancient/THIRD_VERSION/SAFARI/deps/snappy/missing makeinfo'
MANIFEST_TOOL=':'
MKDIR_P='/usr/bin/mkdir -p'
NM='/usr/bin/nm -B'
NMEDIT=''
OBJDUMP='objdump'
OBJEXT='o'
OTOOL64=''
OTOOL=''
PACKAGE='snappy'
PACKAGE_BUGREPORT=''
PACKAGE_NAME='snappy'
PACKAGE_STRING='snappy 1.1.3'
PACKAGE_TARNAME='snappy'
PACKAGE_URL=''
PACKAGE_VERSION='1.1.3'
PATH_SEPARATOR=':'
PKG_CONFIG='/usr/bin/pkg-config'
PKG_CONFIG_LIBDIR=''
PKG_CONFIG_PATH=''
RANLIB='ranlib'
SED='/usr/bin/sed'
SET_MAKE=''
SHELL='/bin/bash'
SNAPPY_LTVERSION='4:0:3'
SNAPPY_MAJOR='1'
SNAPPY_MINOR='1'
SNAPPY_PATCHLEVEL='3'
STRIP='strip'
UNITTEST_LIBS='-lz '
VERSION='1.1.3'
ac_ct_AR='ar'
ac_ct_CC='/usr/bin/gcc'
ac_ct_CXX=''
ac_ct_DUMPBIN=''
ac_cv_have_stddef_h='1'
ac_cv_have_stdint_h='1'
ac_cv_have_sys_uio_h='0'
am__EXEEXT_FALSE=''
am__EXEEXT_TRUE='#'
am__fastdepCC_FALSE='#'
am__fastdepCC_TRUE=''
am__fastdepCXX_FALSE='#'
am__fastdepCXX_TRUE=''
am__include='include'
am__isrc=''
am__leading_dot='.'
am__nodep='_no'
am__quote=''
am__tar='$${TAR-tar} chof - "$$tardir"'
am__untar='$${TAR-tar} xf -'
bindir='${exec_prefix}/bin'
build='x86_64-pc-linux-gnu'
build_alias=''
build_cpu='x86_64'
build_os='linux-gnu'
build_vendor='pc'
datadir='${datarootdir}'
datarootdir='${prefix}/share'
docdir='${datarootdir}/doc/${PACKAGE_TARNAME}'
dvidir='${docdir}'
exec_prefix='${prefix}'
gflags_CFLAGS=''
gflags_LIBS=''
host='x86_64-pc-linux-gnu'
host_alias=''
host_cpu='x86_64'
host_os='linux-gnu'
host_vendor='pc'
htmldir='${docdir}'
includedir='${prefix}/include'
infodir='${datarootdir}/info'
install_sh='${SHELL} /home/projects2/vgan_ancient/THIRD_VERSION/SAFARI/deps/snappy/install-sh'
libdir='${exec_prefix}/lib'
libexecdir='${exec_prefix}/libexec'
localedir='${datarootdir}/locale'
localstatedir='${prefix}/var'
mandir='${datarootdir}/man'
mkdir_p='$(MKDIR_P)'
oldincludedir='/usr/include'
pdfdir='${docdir}'
prefix='/net/mimer/mnt/tank/projects2/vgan_ancient/THIRD_VERSION/SAFARI'
program_transform_name='s,x,x,'
psdir='${docdir}'
runstatedir='${localstatedir}/run'
sbindir='${exec_prefix}/sbin'
sharedstatedir='${prefix}/com'
sysconfdir='${prefix}/etc'
target_alias=''

## ----------- ##
## confdefs.h. ##
## ----------- ##

/* confdefs.h */
#define PACKAGE_NAME "snappy"
#define PACKAGE_TARNAME "snappy"
#define PACKAGE_VERSION "1.1.3"
#define PACKAGE_STRING "snappy 1.1.3"
#define PACKAGE_BUGREPORT ""
#define PACKAGE_URL ""
#define PACKAGE "snappy"
#define VERSION "1.1.3"
#define STDC_HEADERS 1
#define HAVE_SYS_TYPES_H 1
#define HAVE_SYS_STAT_H 1
#define HAVE_STDLIB_H 1
#define HAVE_STRING_H 1
#define HAVE_MEMORY_H 1
#define HAVE_STRINGS_H 1
#define HAVE_INTTYPES_H 1
#define HAVE_STDINT_H 1
#define HAVE_UNISTD_H 1
#define HAVE_DLFCN_H 1
#define LT_OBJDIR ".libs/"
#define HAVE_STDINT_H 1
#define HAVE_STDDEF_H 1
#define HAVE_SYS_MMAN_H 1
#define HAVE_SYS_RESOURCE_H 1
#define HAVE_BYTESWAP_H 1
#define HAVE_SYS_TIME_H 1
#define HAVE_BUILTIN_EXPECT 1
#define HAVE_BUILTIN_CTZ 1
#define HAVE_LIBZ 1

configure: exit 0

## ---------------------- ##
## Running config.status. ##
## ---------------------- ##

This file was extended by snappy config.status 1.1.3, which was
generated by GNU Autoconf 2.69.  Invocation command line was

  CONFIG_FILES    = 
  CONFIG_HEADERS  = 
  CONFIG_LINKS    = 
  CONFIG_COMMANDS = 
  $ ./config.status config.h

on node07

config.status:1176: creating config.h
config.status:1357: config.h is unchanged
